Step	Training Loss
710	3.665300
720	3.319900
730	3.359400
740	3.281500
750	3.734100
760	3.846800
770	3.286000
780	3.597400
790	3.802500
800	4.337600
810	3.655800
820	3.580000
830	3.677100
840	4.202900
850	3.157600
860	3.785600
870	3.673400
880	3.482200
890	3.643900
900	3.025800
910	3.757700
920	3.253400
930	3.919400
940	3.743900
950	3.100600
960	3.846400
970	3.758500
980	3.123000
990	3.640700
1000	3.522600
1010	3.563100
1020	3.701900
1030	3.296500
1040	3.309300
1050	3.285900
============================================================
Training session started: 2026-04-05 22:04:30.358084
============================================================
[2026-04-05 22:05:55] step=  3410  loss=2.845600
[2026-04-05 22:07:14] step=  3420  loss=2.959100
[2026-04-05 22:08:41] step=  3430  loss=2.931300

============================================================
Training session started: 2026-04-05 22:11:39.877266
============================================================
[2026-04-05 22:13:04] step=  3410  loss=2.845700
[2026-04-05 22:14:22] step=  3420  loss=2.959300
[2026-04-05 22:15:49] step=  3430  loss=2.931600
[2026-04-05 22:17:18] step=  3440  loss=2.539800
[2026-04-05 22:18:36] step=  3450  loss=3.172900
[2026-04-05 22:19:52] step=  3460  loss=3.192400
[2026-04-05 22:21:11] step=  3470  loss=2.995300
[2026-04-05 22:22:20] step=  3480  loss=3.592200
[2026-04-05 22:23:38] step=  3490  loss=3.164900
[2026-04-05 22:24:56] step=  3500  loss=2.870400
[2026-04-05 22:26:30] step=  3510  loss=2.858000
[2026-04-05 22:27:55] step=  3520  loss=2.790800
[2026-04-05 22:29:26] step=  3530  loss=2.470600
[2026-04-05 22:30:59] step=  3540  loss=2.650300
[2026-04-05 22:32:26] step=  3550  loss=2.616300
[2026-04-05 22:33:51] step=  3560  loss=2.873900
[2026-04-05 22:35:11] step=  3570  loss=2.881700
[2026-04-05 22:36:35] step=  3580  loss=2.752300
[2026-04-05 22:38:04] step=  3590  loss=2.622800
[2026-04-05 22:39:30] step=  3600  loss=2.870300
[2026-04-05 22:41:00] step=  3610  loss=2.784200
[2026-04-05 22:42:30] step=  3620  loss=2.748300
[2026-04-05 22:43:54] step=  3630  loss=2.829300
[2026-04-05 22:45:21] step=  3640  loss=2.799200
[2026-04-05 22:46:43] step=  3650  loss=2.951700
[2026-04-05 22:48:12] step=  3660  loss=2.875400
[2026-04-05 22:49:43] step=  3670  loss=2.929600
[2026-04-05 22:51:02] step=  3680  loss=3.361400
[2026-04-05 22:52:32] step=  3690  loss=2.671400
[2026-04-05 22:53:49] step=  3700  loss=3.234800
[2026-04-05 22:55:12] step=  3710  loss=3.007600
[2026-04-05 22:56:30] step=  3720  loss=3.313300
[2026-04-05 22:57:48] step=  3730  loss=3.273600
[2026-04-05 22:59:16] step=  3740  loss=2.792000
[2026-04-05 23:00:36] step=  3750  loss=2.906700
[2026-04-05 23:01:54] step=  3760  loss=2.986300
[2026-04-05 23:03:07] step=  3770  loss=3.169400
[2026-04-05 23:04:32] step=  3780  loss=3.061000
[2026-04-05 23:06:00] step=  3790  loss=2.658300
[2026-04-05 23:07:30] step=  3800  loss=2.727800
[2026-04-05 23:08:52] step=  3810  loss=2.954900
[2026-04-05 23:10:18] step=  3820  loss=2.901400
[2026-04-05 23:11:41] step=  3830  loss=3.131600
[2026-04-05 23:13:07] step=  3840  loss=2.916400
[2026-04-05 23:14:28] step=  3850  loss=2.970400
[2026-04-05 23:15:52] step=  3860  loss=2.740500
[2026-04-05 23:17:17] step=  3870  loss=2.686000
[2026-04-05 23:18:48] step=  3880  loss=2.787200
[2026-04-05 23:20:16] step=  3890  loss=2.801800
[2026-04-05 23:21:51] step=  3900  loss=2.551400
[2026-04-05 23:23:12] step=  3910  loss=3.186200
[2026-04-05 23:24:29] step=  3920  loss=3.144100
[2026-04-05 23:25:55] step=  3930  loss=2.931300
[2026-04-05 23:27:25] step=  3940  loss=2.571800
[2026-04-05 23:28:47] step=  3950  loss=3.004900
[2026-04-05 23:30:13] step=  3960  loss=3.052900
[2026-04-05 23:31:44] step=  3970  loss=2.651600
[2026-04-05 23:33:10] step=  3980  loss=2.795000

============================================================
Training session started: 2026-04-06 17:55:26.808071
============================================================
[2026-04-06 17:56:48] step=  3910  loss=3.186200
[2026-04-06 17:58:05] step=  3920  loss=3.144100
[2026-04-06 17:59:31] step=  3930  loss=2.931300
[2026-04-06 18:01:02] step=  3940  loss=2.571800
[2026-04-06 18:02:24] step=  3950  loss=3.004900
[2026-04-06 18:03:50] step=  3960  loss=3.052900
[2026-04-06 18:05:22] step=  3970  loss=2.651600
[2026-04-06 18:06:48] step=  3980  loss=2.795000
[2026-04-06 18:08:21] step=  3990  loss=2.466300
[2026-04-06 18:09:41] step=  4000  loss=2.945000
[2026-04-06 18:11:04] step=  4010  loss=3.016000
[2026-04-06 18:12:32] step=  4020  loss=2.674300
[2026-04-06 18:13:47] step=  4030  loss=3.279200
[2026-04-06 18:15:16] step=  4040  loss=2.570500
[2026-04-06 18:16:51] step=  4050  loss=2.560700
[2026-04-06 18:18:19] step=  4060  loss=2.751300
[2026-04-06 18:19:47] step=  4070  loss=2.710500
[2026-04-06 18:21:11] step=  4080  loss=2.977400
[2026-04-06 18:22:41] step=  4090  loss=2.613100
[2026-04-06 18:24:00] step=  4100  loss=3.164200
[2026-04-06 18:25:21] step=  4110  loss=3.006100
[2026-04-06 18:26:41] step=  4120  loss=3.136000
[2026-04-06 18:28:09] step=  4130  loss=2.731800
[2026-04-06 18:29:31] step=  4140  loss=2.581100
[2026-04-06 18:30:55] step=  4150  loss=2.733600
[2026-04-06 18:32:19] step=  4160  loss=2.815900
[2026-04-06 18:33:37] step=  4170  loss=2.940300
[2026-04-06 18:34:57] step=  4180  loss=3.133400
[2026-04-06 18:36:25] step=  4190  loss=2.664300
[2026-04-06 18:37:52] step=  4200  loss=2.807200
[2026-04-06 18:39:19] step=  4210  loss=2.719600
[2026-04-06 18:40:42] step=  4220  loss=2.800000
[2026-04-06 18:42:10] step=  4230  loss=2.855000
[2026-04-06 18:43:35] step=  4240  loss=2.615800
[2026-04-06 18:44:57] step=  4250  loss=2.782600
[2026-04-06 18:46:31] step=  4260  loss=2.679300
[2026-04-06 18:47:59] step=  4270  loss=2.813400
[2026-04-06 18:49:24] step=  4280  loss=2.842500
[2026-04-06 18:50:49] step=  4290  loss=2.798700
[2026-04-06 18:52:11] step=  4300  loss=2.899700
[2026-04-06 18:53:33] step=  4310  loss=2.989800
[2026-04-06 18:55:07] step=  4320  loss=2.347600
[2026-04-06 18:56:28] step=  4330  loss=2.912900
[2026-04-06 18:57:42] step=  4340  loss=3.263800
[2026-04-06 18:59:11] step=  4350  loss=2.664700
[2026-04-06 19:00:29] step=  4360  loss=3.330200
[2026-04-06 19:01:48] step=  4370  loss=3.165200
[2026-04-06 19:03:16] step=  4380  loss=2.564800
[2026-04-06 19:04:44] step=  4390  loss=2.689500
[2026-04-06 19:06:11] step=  4400  loss=3.095500
[2026-04-06 19:07:45] step=  4410  loss=2.695400
[2026-04-06 19:09:16] step=  4420  loss=2.616400
[2026-04-06 19:10:39] step=  4430  loss=2.926900
[2026-04-06 19:12:05] step=  4440  loss=2.650700
[2026-04-06 19:13:31] step=  4450  loss=2.584300
[2026-04-06 19:14:52] step=  4460  loss=3.015500
[2026-04-06 19:16:27] step=  4470  loss=2.373800
[2026-04-06 19:17:48] step=  4480  loss=2.951800
[2026-04-06 19:19:11] step=  4490  loss=2.656000
[2026-04-06 19:20:37] step=  4500  loss=2.985000
[2026-04-06 19:22:08] step=  4510  loss=2.517700
[2026-04-06 19:23:40] step=  4520  loss=2.272000
[2026-04-06 19:24:56] step=  4530  loss=3.199900
[2026-04-06 19:26:22] step=  4540  loss=2.595100
[2026-04-06 19:27:54] step=  4550  loss=2.618800
[2026-04-06 19:29:08] step=  4560  loss=2.939500
[2026-04-06 19:30:36] step=  4570  loss=2.560200
[2026-04-06 19:31:59] step=  4580  loss=2.856400
[2026-04-06 19:33:24] step=  4590  loss=2.622500
[2026-04-06 19:34:45] step=  4600  loss=3.155000
[2026-04-06 19:36:09] step=  4610  loss=2.889800
[2026-04-06 19:37:29] step=  4620  loss=3.097600
[2026-04-06 19:38:57] step=  4630  loss=2.783100
[2026-04-06 19:40:20] step=  4640  loss=3.030800
[2026-04-06 19:41:41] step=  4650  loss=2.817700
[2026-04-06 19:43:02] step=  4660  loss=3.099700
[2026-04-06 19:44:21] step=  4670  loss=3.246400
[2026-04-06 19:45:46] step=  4680  loss=2.806500
[2026-04-06 19:47:05] step=  4690  loss=3.209900
[2026-04-06 19:48:21] step=  4700  loss=3.438300
[2026-04-06 19:49:50] step=  4710  loss=2.492300
[2026-04-06 19:51:17] step=  4720  loss=2.854600
[2026-04-06 19:52:43] step=  4730  loss=2.663400
[2026-04-06 19:54:13] step=  4740  loss=2.726000
[2026-04-06 19:55:46] step=  4750  loss=2.553900
[2026-04-06 19:57:13] step=  4760  loss=3.006200
[2026-04-06 19:58:45] step=  4770  loss=2.823300
[2026-04-06 20:00:04] step=  4780  loss=2.955900
[2026-04-06 20:01:21] step=  4790  loss=3.069200
[2026-04-06 20:02:51] step=  4800  loss=2.752700
[2026-04-06 20:04:26] step=  4810  loss=2.324400
[2026-04-06 20:05:48] step=  4820  loss=2.802300
[2026-04-06 20:07:15] step=  4830  loss=2.673300
[2026-04-06 20:08:39] step=  4840  loss=2.771900
[2026-04-06 20:10:07] step=  4850  loss=2.737700
[2026-04-06 20:11:26] step=  4860  loss=3.072300
[2026-04-06 20:12:53] step=  4870  loss=2.432800
[2026-04-06 20:14:14] step=  4880  loss=2.859600
[2026-04-06 20:15:38] step=  4890  loss=2.885300
[2026-04-06 20:17:00] step=  4900  loss=3.037300
[2026-04-06 20:18:27] step=  4910  loss=2.616400
[2026-04-06 20:19:54] step=  4920  loss=3.127400
[2026-04-06 20:21:18] step=  4930  loss=2.675900
[2026-04-06 20:22:56] step=  4940  loss=2.283900
[2026-04-06 20:24:26] step=  4950  loss=2.585800
[2026-04-06 20:25:52] step=  4960  loss=2.662100
[2026-04-06 20:27:24] step=  4970  loss=2.189700
[2026-04-06 20:28:56] step=  4980  loss=2.664300
[2026-04-06 20:30:13] step=  4990  loss=2.969400
[2026-04-06 20:31:43] step=  5000  loss=2.652900
[2026-04-06 20:33:12] step=  5010  loss=2.933700
[2026-04-06 20:34:40] step=  5020  loss=2.701200
[2026-04-06 20:35:59] step=  5030  loss=3.174800
[2026-04-06 20:37:20] step=  5040  loss=2.920300
[2026-04-06 20:38:55] step=  5050  loss=2.711400
[2026-04-06 20:40:14] step=  5060  loss=3.308800
[2026-04-06 20:41:48] step=  5070  loss=2.319900
[2026-04-06 20:43:07] step=  5080  loss=2.772100
[2026-04-06 20:44:31] step=  5090  loss=3.054100
[2026-04-06 20:46:08] step=  5100  loss=2.222200
[2026-04-06 20:47:41] step=  5110  loss=2.465300
[2026-04-06 20:49:05] step=  5120  loss=2.773500
[2026-04-06 20:50:24] step=  5130  loss=3.107300
[2026-04-06 20:51:43] step=  5140  loss=2.921500
[2026-04-06 20:53:11] step=  5150  loss=2.542300
[2026-04-06 20:54:25] step=  5160  loss=3.302900
[2026-04-06 20:56:00] step=  5170  loss=2.383800
[2026-04-06 20:57:28] step=  5180  loss=2.418600
[2026-04-06 20:58:54] step=  5190  loss=2.560000
[2026-04-06 21:00:19] step=  5200  loss=2.834500
[2026-04-06 21:01:56] step=  5210  loss=2.402200
[2026-04-06 21:03:13] step=  5220  loss=2.983200
[2026-04-06 21:04:48] step=  5230  loss=2.311800
[2026-04-06 21:06:11] step=  5240  loss=3.047600
[2026-04-06 21:07:30] step=  5250  loss=3.146900
[2026-04-06 21:08:55] step=  5260  loss=2.968600
[2026-04-06 21:10:21] step=  5270  loss=2.450100
[2026-04-06 21:11:45] step=  5280  loss=2.293900
[2026-04-06 21:13:17] step=  5290  loss=2.439700
[2026-04-06 21:14:39] step=  5300  loss=2.393900
[2026-04-06 21:16:09] step=  5310  loss=2.403500
[2026-04-06 21:17:26] step=  5320  loss=2.589500
[2026-04-06 21:18:54] step=  5330  loss=2.492700
[2026-04-06 21:20:25] step=  5340  loss=2.186500
[2026-04-06 21:21:47] step=  5350  loss=2.679200
[2026-04-06 21:23:10] step=  5360  loss=2.438300
[2026-04-06 21:24:36] step=  5370  loss=2.354900
[2026-04-06 21:26:09] step=  5380  loss=2.223900
[2026-04-06 21:27:28] step=  5390  loss=2.612200
[2026-04-06 21:28:49] step=  5400  loss=2.633800
[2026-04-06 21:30:19] step=  5410  loss=2.359000
[2026-04-06 21:31:42] step=  5420  loss=2.740100
[2026-04-06 21:33:09] step=  5430  loss=2.322100
[2026-04-06 21:34:27] step=  5440  loss=2.732600
[2026-04-06 21:35:57] step=  5450  loss=2.334400
[2026-04-06 21:37:18] step=  5460  loss=2.529400
[2026-04-06 21:38:43] step=  5470  loss=2.716000
[2026-04-06 21:40:06] step=  5480  loss=2.547700
[2026-04-06 21:41:32] step=  5490  loss=2.336400
[2026-04-06 21:42:50] step=  5500  loss=2.946100
[2026-04-06 21:44:17] step=  5510  loss=2.388700
[2026-04-06 21:45:41] step=  5520  loss=2.428900
[2026-04-06 21:47:03] step=  5530  loss=2.699100
[2026-04-06 21:48:33] step=  5540  loss=2.414400
[2026-04-06 21:50:02] step=  5550  loss=2.599600
[2026-04-06 21:51:25] step=  5560  loss=2.513100
[2026-04-06 21:52:48] step=  5570  loss=2.774600
[2026-04-06 21:54:11] step=  5580  loss=2.684100
[2026-04-06 21:55:41] step=  5590  loss=2.256000
[2026-04-06 21:57:09] step=  5600  loss=2.383400
[2026-04-06 21:58:27] step=  5610  loss=2.906700
[2026-04-06 21:59:52] step=  5620  loss=2.418000
[2026-04-06 22:01:17] step=  5630  loss=2.433700
[2026-04-06 22:02:42] step=  5640  loss=2.469700
[2026-04-06 22:04:19] step=  5650  loss=2.016000
[2026-04-06 22:05:42] step=  5660  loss=2.727400
[2026-04-06 22:07:12] step=  5670  loss=2.404100
[2026-04-06 22:08:35] step=  5680  loss=2.552700
[2026-04-06 22:09:56] step=  5690  loss=2.587200
[2026-04-06 22:11:15] step=  5700  loss=2.674500
[2026-04-06 22:12:41] step=  5710  loss=2.476400
[2026-04-06 22:14:10] step=  5720  loss=2.232600
[2026-04-06 22:15:34] step=  5730  loss=2.227300
[2026-04-06 22:16:52] step=  5740  loss=2.775000
[2026-04-06 22:18:12] step=  5750  loss=2.540300
[2026-04-06 22:19:42] step=  5760  loss=2.231000
[2026-04-06 22:21:12] step=  5770  loss=2.387100
[2026-04-06 22:22:34] step=  5780  loss=2.490700
[2026-04-06 22:24:00] step=  5790  loss=2.646400
[2026-04-06 22:25:32] step=  5800  loss=2.057100
[2026-04-06 22:26:59] step=  5810  loss=2.384600
[2026-04-06 22:28:18] step=  5820  loss=2.595500
[2026-04-06 22:29:42] step=  5830  loss=2.242700
[2026-04-06 22:31:08] step=  5840  loss=2.428900
[2026-04-06 22:32:26] step=  5850  loss=2.655400
[2026-04-06 22:33:41] step=  5860  loss=2.941000
[2026-04-06 22:35:04] step=  5870  loss=2.346800
[2026-04-06 22:36:32] step=  5880  loss=2.314000
[2026-04-06 22:37:50] step=  5890  loss=2.808600
[2026-04-06 22:39:08] step=  5900  loss=2.795000
[2026-04-06 22:40:28] step=  5910  loss=2.381700
[2026-04-06 22:41:52] step=  5920  loss=2.553700
[2026-04-06 22:43:11] step=  5930  loss=2.637700
[2026-04-06 22:44:36] step=  5940  loss=2.464100
[2026-04-06 22:45:57] step=  5950  loss=2.674100
[2026-04-06 22:47:21] step=  5960  loss=2.317300
[2026-04-06 22:48:51] step=  5970  loss=2.409400
[2026-04-06 22:50:19] step=  5980  loss=2.479300
[2026-04-06 22:51:44] step=  5990  loss=2.547400
[2026-04-06 22:53:05] step=  6000  loss=2.558100
[2026-04-06 22:54:27] step=  6010  loss=2.725000
[2026-04-06 22:55:55] step=  6020  loss=2.336000
[2026-04-06 22:57:19] step=  6030  loss=2.550200
[2026-04-06 22:58:44] step=  6040  loss=2.692700
[2026-04-06 23:00:03] step=  6050  loss=2.839700
[2026-04-06 23:01:26] step=  6060  loss=2.587100
[2026-04-06 23:02:40] step=  6070  loss=2.797300
[2026-04-06 23:04:04] step=  6080  loss=2.526100
[2026-04-06 23:05:26] step=  6090  loss=2.178900
[2026-04-06 23:06:50] step=  6100  loss=2.536300
[2026-04-06 23:08:19] step=  6110  loss=2.554700
[2026-04-06 23:09:35] step=  6120  loss=2.736000
[2026-04-06 23:10:46] step=  6130  loss=2.918900
[2026-04-06 23:12:09] step=  6140  loss=2.501600
[2026-04-06 23:13:34] step=  6150  loss=2.510200
[2026-04-06 23:15:02] step=  6160  loss=2.248500
[2026-04-06 23:16:28] step=  6170  loss=2.257100
[2026-04-06 23:17:49] step=  6180  loss=2.539200
[2026-04-06 23:19:15] step=  6190  loss=2.376900
[2026-04-06 23:20:42] step=  6200  loss=2.236800
[2026-04-06 23:22:11] step=  6210  loss=2.459900
[2026-04-06 23:23:39] step=  6220  loss=2.498600
[2026-04-06 23:25:05] step=  6230  loss=2.368600
[2026-04-06 23:26:27] step=  6240  loss=2.568700
[2026-04-06 23:27:43] step=  6250  loss=2.743300
[2026-04-06 23:29:18] step=  6260  loss=2.079600
[2026-04-06 23:30:56] step=  6270  loss=2.090700
[2026-04-06 23:32:23] step=  6280  loss=2.537000
[2026-04-06 23:33:48] step=  6290  loss=2.449600
[2026-04-06 23:35:13] step=  6300  loss=2.486900
[2026-04-06 23:36:45] step=  6310  loss=2.381200
[2026-04-06 23:38:06] step=  6320  loss=2.731000
[2026-04-06 23:39:30] step=  6330  loss=2.464200
[2026-04-06 23:40:58] step=  6340  loss=2.155700
[2026-04-06 23:42:24] step=  6350  loss=2.480900
[2026-04-06 23:43:44] step=  6360  loss=2.336400
[2026-04-06 23:45:11] step=  6370  loss=2.419700
[2026-04-06 23:46:29] step=  6380  loss=2.428300
[2026-04-06 23:47:53] step=  6390  loss=2.448200
[2026-04-06 23:49:25] step=  6400  loss=2.276400
[2026-04-06 23:50:48] step=  6410  loss=2.612400
[2026-04-06 23:52:20] step=  6420  loss=2.217400
[2026-04-06 23:53:49] step=  6430  loss=2.383500
[2026-04-06 23:55:24] step=  6440  loss=2.222300
[2026-04-06 23:56:45] step=  6450  loss=2.779200
[2026-04-06 23:58:22] step=  6460  loss=2.038400
[2026-04-06 23:59:43] step=  6470  loss=2.782200
[2026-04-07 00:01:10] step=  6480  loss=2.519900
[2026-04-07 00:02:35] step=  6490  loss=2.511800
[2026-04-07 00:04:05] step=  6500  loss=2.433600
[2026-04-07 00:05:30] step=  6510  loss=2.416600
[2026-04-07 00:06:50] step=  6520  loss=2.494800
[2026-04-07 00:08:18] step=  6530  loss=2.470900
[2026-04-07 00:09:35] step=  6540  loss=2.956800
[2026-04-07 00:11:03] step=  6550  loss=2.329700
[2026-04-07 00:12:32] step=  6560  loss=2.452200
[2026-04-07 00:13:54] step=  6570  loss=2.443600
[2026-04-07 00:15:07] step=  6580  loss=2.519600
[2026-04-07 00:16:29] step=  6590  loss=2.461000
[2026-04-07 00:17:48] step=  6600  loss=2.590200
[2026-04-07 00:19:05] step=  6610  loss=2.999000
[2026-04-07 00:20:21] step=  6620  loss=2.641200
[2026-04-07 00:21:37] step=  6630  loss=2.638900
[2026-04-07 00:22:57] step=  6640  loss=2.795900
[2026-04-07 00:24:20] step=  6650  loss=2.205000
[2026-04-07 00:25:46] step=  6660  loss=2.360700
[2026-04-07 00:27:14] step=  6670  loss=2.487600
[2026-04-07 00:28:34] step=  6680  loss=2.406800
[2026-04-07 00:29:57] step=  6690  loss=2.718200
[2026-04-07 00:31:20] step=  6700  loss=2.442800
[2026-04-07 00:32:53] step=  6710  loss=2.227200
[2026-04-07 00:34:15] step=  6720  loss=2.415900
[2026-04-07 00:35:47] step=  6730  loss=2.267000
[2026-04-07 00:37:08] step=  6740  loss=2.504100
[2026-04-07 00:38:32] step=  6750  loss=2.451600
[2026-04-07 00:39:55] step=  6760  loss=2.407200
[2026-04-07 00:41:15] step=  6770  loss=2.254000
[2026-04-07 00:42:39] step=  6780  loss=2.504200
[2026-04-07 00:44:09] step=  6790  loss=2.279800
[2026-04-07 00:45:26] step=  6800  loss=2.815200
[2026-04-07 00:46:47] step=  6810  loss=2.681900
[2026-04-07 00:48:17] step=  6820  loss=2.423200
[2026-04-07 00:49:41] step=  6830  loss=2.464600
[2026-04-07 00:51:04] step=  6840  loss=2.498400
[2026-04-07 00:52:30] step=  6850  loss=2.583900
[2026-04-07 00:53:52] step=  6860  loss=2.323400
[2026-04-07 00:55:18] step=  6870  loss=2.389900
[2026-04-07 00:56:44] step=  6880  loss=2.315100
[2026-04-07 00:57:58] step=  6890  loss=2.717900
[2026-04-07 00:59:20] step=  6900  loss=2.675400
[2026-04-07 01:00:47] step=  6910  loss=2.342900
[2026-04-07 01:02:20] step=  6920  loss=2.014500
[2026-04-07 01:03:46] step=  6930  loss=2.329600
[2026-04-07 01:05:07] step=  6940  loss=2.142300
[2026-04-07 01:06:31] step=  6950  loss=2.522300
[2026-04-07 01:07:53] step=  6960  loss=2.157800
[2026-04-07 01:09:18] step=  6970  loss=2.483000
[2026-04-07 01:10:39] step=  6980  loss=2.321900
[2026-04-07 01:12:05] step=  6990  loss=2.364600
[2026-04-07 01:13:29] step=  7000  loss=2.348100
[2026-04-07 01:14:51] step=  7010  loss=2.556200
[2026-04-07 01:16:11] step=  7020  loss=2.549300
[2026-04-07 01:17:42] step=  7030  loss=2.092800
[2026-04-07 01:19:06] step=  7040  loss=2.474800
[2026-04-07 01:20:27] step=  7050  loss=2.598200
[2026-04-07 01:21:45] step=  7060  loss=2.565500
[2026-04-07 01:23:13] step=  7070  loss=2.289600
[2026-04-07 01:24:41] step=  7080  loss=2.065000
[2026-04-07 01:26:05] step=  7090  loss=2.276700
[2026-04-07 01:27:31] step=  7100  loss=2.419000
[2026-04-07 01:29:01] step=  7110  loss=2.316500
[2026-04-07 01:30:15] step=  7120  loss=2.668400
[2026-04-07 01:31:37] step=  7130  loss=2.415500
[2026-04-07 01:32:59] step=  7140  loss=2.370400
[2026-04-07 01:34:36] step=  7150  loss=2.168200
[2026-04-07 01:36:08] step=  7160  loss=2.372400
[2026-04-07 01:37:34] step=  7170  loss=2.332100
[2026-04-07 01:38:43] step=  7180  loss=2.547800
[2026-04-07 01:40:06] step=  7190  loss=2.303400
[2026-04-07 01:41:35] step=  7200  loss=2.584600
[2026-04-07 01:43:11] step=  7210  loss=2.698600
[2026-04-07 01:44:33] step=  7220  loss=2.452200
[2026-04-07 01:45:57] step=  7230  loss=2.498400
[2026-04-07 01:47:18] step=  7240  loss=2.606200
[2026-04-07 01:48:31] step=  7250  loss=2.744100
[2026-04-07 01:49:45] step=  7260  loss=2.714400
[2026-04-07 01:51:13] step=  7270  loss=2.434100
[2026-04-07 01:52:31] step=  7280  loss=2.599600
[2026-04-07 01:54:00] step=  7290  loss=2.238700

============================================================
Training session started: 2026-04-07 10:58:45.008639
============================================================
[2026-04-07 11:00:08] step=  7210  loss=2.698600
[2026-04-07 11:01:30] step=  7220  loss=2.452200
[2026-04-07 11:02:52] step=  7230  loss=2.498400
[2026-04-07 11:04:11] step=  7240  loss=2.606200
[2026-04-07 11:05:24] step=  7250  loss=2.744100

============================================================
Training session started: 2026-04-07 11:06:35.253213
============================================================
[2026-04-07 11:07:57] step=  7210  loss=2.698600
[2026-04-07 11:09:19] step=  7220  loss=2.452200
[2026-04-07 11:10:41] step=  7230  loss=2.498400
[2026-04-07 11:12:00] step=  7240  loss=2.606200
[2026-04-07 11:13:13] step=  7250  loss=2.744100
[2026-04-07 11:14:26] step=  7260  loss=2.714400
[2026-04-07 11:15:53] step=  7270  loss=2.434100
[2026-04-07 11:17:11] step=  7280  loss=2.599600
[2026-04-07 11:18:37] step=  7290  loss=2.238700
[2026-04-07 11:20:06] step=  7300  loss=2.225400
[2026-04-07 11:21:27] step=  7310  loss=2.347700
[2026-04-07 11:22:50] step=  7320  loss=2.301900
[2026-04-07 11:24:13] step=  7330  loss=2.468900
[2026-04-07 11:25:40] step=  7340  loss=2.308400
[2026-04-07 11:26:49] step=  7350  loss=2.917400
[2026-04-07 11:28:14] step=  7360  loss=2.324500
[2026-04-07 11:29:36] step=  7370  loss=2.530200
[2026-04-07 11:31:01] step=  7380  loss=2.346600
[2026-04-07 11:32:30] step=  7390  loss=2.412500
[2026-04-07 11:33:53] step=  7400  loss=2.441400
[2026-04-07 11:35:21] step=  7410  loss=2.192700
[2026-04-07 11:36:44] step=  7420  loss=2.206300
[2026-04-07 11:38:11] step=  7430  loss=2.245800
[2026-04-07 11:39:45] step=  7440  loss=2.143800
[2026-04-07 11:41:15] step=  7450  loss=2.207100
[2026-04-07 11:42:36] step=  7460  loss=2.066500
[2026-04-07 11:44:05] step=  7470  loss=2.299800
[2026-04-07 11:45:35] step=  7480  loss=2.286700
[2026-04-07 11:46:59] step=  7490  loss=2.317600
[2026-04-07 11:48:15] step=  7500  loss=2.869500
[2026-04-07 11:49:50] step=  7510  loss=2.080800
[2026-04-07 11:51:15] step=  7520  loss=2.308400
[2026-04-07 11:52:31] step=  7530  loss=2.485200
[2026-04-07 11:53:55] step=  7540  loss=2.139800
[2026-04-07 11:55:20] step=  7550  loss=2.348600
[2026-04-07 11:56:37] step=  7560  loss=2.652500
[2026-04-07 11:57:48] step=  7570  loss=2.731400
[2026-04-07 11:59:05] step=  7580  loss=2.558600
[2026-04-07 12:00:24] step=  7590  loss=2.457300
[2026-04-07 12:01:45] step=  7600  loss=2.290100
[2026-04-07 12:03:19] step=  7610  loss=1.964500
[2026-04-07 12:04:42] step=  7620  loss=2.451100
[2026-04-07 12:05:58] step=  7630  loss=2.400000
[2026-04-07 12:07:22] step=  7640  loss=2.612700
[2026-04-07 12:08:56] step=  7650  loss=2.145500
[2026-04-07 12:10:18] step=  7660  loss=2.707200
[2026-04-07 12:11:39] step=  7670  loss=2.418300
[2026-04-07 12:13:08] step=  7680  loss=2.246700
[2026-04-07 12:14:35] step=  7690  loss=2.299500
[2026-04-07 12:15:57] step=  7700  loss=2.594500
[2026-04-07 12:17:27] step=  7710  loss=2.321000
[2026-04-07 12:18:51] step=  7720  loss=2.629800
[2026-04-07 12:20:19] step=  7730  loss=1.923500

============================================================
Training session started: 2026-04-07 12:22:50.689897
============================================================
[2026-04-07 12:24:20] step=  7710  loss=2.321000
[2026-04-07 12:24:20] step=  7710  loss=2.321000
[2026-04-07 12:25:43] step=  7720  loss=2.629700
[2026-04-07 12:25:43] step=  7720  loss=2.629700
[2026-04-07 12:27:12] step=  7730  loss=1.923200
[2026-04-07 12:27:12] step=  7730  loss=1.923200
[2026-04-07 12:28:33] step=  7740  loss=2.233700
[2026-04-07 12:28:33] step=  7740  loss=2.233700
[2026-04-07 12:30:04] step=  7750  loss=1.899600
[2026-04-07 12:30:04] step=  7750  loss=1.899600
[2026-04-07 12:31:35] step=  7760  loss=2.298500
[2026-04-07 12:31:35] step=  7760  loss=2.298500
[2026-04-07 12:32:49] step=  7770  loss=2.688200
[2026-04-07 12:32:49] step=  7770  loss=2.688200
[2026-04-07 12:34:11] step=  7780  loss=2.008700
[2026-04-07 12:34:11] step=  7780  loss=2.008700
[2026-04-07 12:35:40] step=  7790  loss=2.148800
[2026-04-07 12:35:40] step=  7790  loss=2.148800
[2026-04-07 12:37:01] step=  7800  loss=2.392700
[2026-04-07 12:37:01] step=  7800  loss=2.392700
[2026-04-07 12:38:27] step=  7810  loss=2.213500
[2026-04-07 12:38:27] step=  7810  loss=2.213500
[2026-04-07 12:39:51] step=  7820  loss=2.370800
[2026-04-07 12:39:51] step=  7820  loss=2.370800
[2026-04-07 12:41:09] step=  7830  loss=2.630700
[2026-04-07 12:41:09] step=  7830  loss=2.630700
[2026-04-07 12:42:32] step=  7840  loss=2.496200
[2026-04-07 12:42:32] step=  7840  loss=2.496200
[2026-04-07 12:44:03] step=  7850  loss=2.320000
[2026-04-07 12:44:03] step=  7850  loss=2.320000
[2026-04-07 12:45:32] step=  7860  loss=2.179400
[2026-04-07 12:45:32] step=  7860  loss=2.179400
[2026-04-07 12:47:01] step=  7870  loss=2.200500
[2026-04-07 12:47:01] step=  7870  loss=2.200500
[2026-04-07 12:48:23] step=  7880  loss=2.322500
[2026-04-07 12:48:23] step=  7880  loss=2.322500
[2026-04-07 12:49:36] step=  7890  loss=2.799900
[2026-04-07 12:49:36] step=  7890  loss=2.799900
[2026-04-07 12:50:52] step=  7900  loss=2.515400
[2026-04-07 12:50:52] step=  7900  loss=2.515400
[2026-04-07 12:52:16] step=  7910  loss=2.332500
[2026-04-07 12:52:16] step=  7910  loss=2.332500
[2026-04-07 12:53:45] step=  7920  loss=2.397300
[2026-04-07 12:53:45] step=  7920  loss=2.397300
[2026-04-07 12:55:10] step=  7930  loss=2.263900
[2026-04-07 12:55:10] step=  7930  loss=2.263900
[2026-04-07 12:56:32] step=  7940  loss=2.540700
[2026-04-07 12:56:32] step=  7940  loss=2.540700
[2026-04-07 12:57:57] step=  7950  loss=2.422500
[2026-04-07 12:57:57] step=  7950  loss=2.422500
[2026-04-07 12:59:15] step=  7960  loss=2.662900
[2026-04-07 12:59:15] step=  7960  loss=2.662900
[2026-04-07 13:00:42] step=  7970  loss=2.551900
[2026-04-07 13:00:42] step=  7970  loss=2.551900
[2026-04-07 13:01:54] step=  7980  loss=2.621700
[2026-04-07 13:01:54] step=  7980  loss=2.621700
[2026-04-07 13:03:23] step=  7990  loss=2.299000
[2026-04-07 13:03:23] step=  7990  loss=2.299000
[2026-04-07 13:04:50] step=  8000  loss=2.131700
[2026-04-07 13:04:50] step=  8000  loss=2.131700
[2026-04-07 13:06:13] step=  8010  loss=2.486000
[2026-04-07 13:06:13] step=  8010  loss=2.486000
[2026-04-07 13:07:38] step=  8020  loss=2.192500
[2026-04-07 13:07:38] step=  8020  loss=2.192500
[2026-04-07 13:08:59] step=  8030  loss=2.438900
[2026-04-07 13:08:59] step=  8030  loss=2.438900
[2026-04-07 13:10:21] step=  8040  loss=2.539800
[2026-04-07 13:10:21] step=  8040  loss=2.539800
[2026-04-07 13:11:48] step=  8050  loss=2.315700
[2026-04-07 13:11:48] step=  8050  loss=2.315700
[2026-04-07 13:13:13] step=  8060  loss=2.325700
[2026-04-07 13:13:13] step=  8060  loss=2.325700
[2026-04-07 13:14:25] step=  8070  loss=2.584800
[2026-04-07 13:14:25] step=  8070  loss=2.584800
[2026-04-07 13:15:51] step=  8080  loss=2.463000
[2026-04-07 13:15:51] step=  8080  loss=2.463000
[2026-04-07 13:17:09] step=  8090  loss=2.363400
[2026-04-07 13:17:09] step=  8090  loss=2.363400
[2026-04-07 13:18:36] step=  8100  loss=2.261800
[2026-04-07 13:18:36] step=  8100  loss=2.261800
[2026-04-07 13:19:59] step=  8110  loss=2.503700
[2026-04-07 13:19:59] step=  8110  loss=2.503700
[2026-04-07 13:21:29] step=  8120  loss=2.079000
[2026-04-07 13:21:29] step=  8120  loss=2.079000
[2026-04-07 13:22:54] step=  8130  loss=2.247800
[2026-04-07 13:22:54] step=  8130  loss=2.247800
[2026-04-07 13:24:10] step=  8140  loss=2.521400
[2026-04-07 13:24:10] step=  8140  loss=2.521400
[2026-04-07 13:25:33] step=  8150  loss=2.050800
[2026-04-07 13:25:33] step=  8150  loss=2.050800
[2026-04-07 13:27:03] step=  8160  loss=2.345500
[2026-04-07 13:27:03] step=  8160  loss=2.345500
[2026-04-07 13:28:30] step=  8170  loss=2.031200
[2026-04-07 13:28:30] step=  8170  loss=2.031200
[2026-04-07 13:29:46] step=  8180  loss=2.528200
[2026-04-07 13:29:46] step=  8180  loss=2.528200
[2026-04-07 13:31:08] step=  8190  loss=2.250600
[2026-04-07 13:31:08] step=  8190  loss=2.250600
[2026-04-07 13:32:31] step=  8200  loss=2.421300
[2026-04-07 13:32:31] step=  8200  loss=2.421300
[2026-04-07 13:34:09] step=  8210  loss=1.855100
[2026-04-07 13:34:09] step=  8210  loss=1.855100
[2026-04-07 13:35:26] step=  8220  loss=2.525800
[2026-04-07 13:35:26] step=  8220  loss=2.525800
[2026-04-07 13:36:56] step=  8230  loss=2.473800
[2026-04-07 13:36:56] step=  8230  loss=2.473800
[2026-04-07 13:38:35] step=  8240  loss=1.901200
[2026-04-07 13:38:35] step=  8240  loss=1.901200
[2026-04-07 13:39:58] step=  8250  loss=2.125600
[2026-04-07 13:39:58] step=  8250  loss=2.125600
[2026-04-07 13:41:25] step=  8260  loss=2.305700
[2026-04-07 13:41:25] step=  8260  loss=2.305700
[2026-04-07 13:42:48] step=  8270  loss=2.528400
[2026-04-07 13:42:48] step=  8270  loss=2.528400
[2026-04-07 13:44:09] step=  8280  loss=2.383400
[2026-04-07 13:44:09] step=  8280  loss=2.383400
[2026-04-07 13:45:28] step=  8290  loss=2.618400
[2026-04-07 13:45:28] step=  8290  loss=2.618400
[2026-04-07 13:46:37] step=  8300  loss=2.762600
[2026-04-07 13:46:37] step=  8300  loss=2.762600
[2026-04-07 13:47:53] step=  8310  loss=2.734600
[2026-04-07 13:47:53] step=  8310  loss=2.734600
[2026-04-07 13:49:13] step=  8320  loss=2.615500
[2026-04-07 13:49:13] step=  8320  loss=2.615500
[2026-04-07 13:50:40] step=  8330  loss=2.081400
[2026-04-07 13:50:40] step=  8330  loss=2.081400
[2026-04-07 13:52:10] step=  8340  loss=2.342600
[2026-04-07 13:52:10] step=  8340  loss=2.342600
[2026-04-07 13:53:38] step=  8350  loss=1.941900
[2026-04-07 13:53:38] step=  8350  loss=1.941900
[2026-04-07 13:54:58] step=  8360  loss=2.508300
[2026-04-07 13:54:58] step=  8360  loss=2.508300
[2026-04-07 13:56:22] step=  8370  loss=2.394100
[2026-04-07 13:56:22] step=  8370  loss=2.394100
[2026-04-07 13:57:44] step=  8380  loss=2.450600
[2026-04-07 13:57:44] step=  8380  loss=2.450600
[2026-04-07 13:59:02] step=  8390  loss=2.415500
[2026-04-07 13:59:02] step=  8390  loss=2.415500
[2026-04-07 14:00:22] step=  8400  loss=2.628300
[2026-04-07 14:00:22] step=  8400  loss=2.628300
[2026-04-07 14:01:56] step=  8410  loss=2.205800
[2026-04-07 14:01:56] step=  8410  loss=2.205800
[2026-04-07 14:03:23] step=  8420  loss=2.298600
[2026-04-07 14:03:23] step=  8420  loss=2.298600
[2026-04-07 14:04:50] step=  8430  loss=2.304800
[2026-04-07 14:04:50] step=  8430  loss=2.304800
[2026-04-07 14:06:21] step=  8440  loss=2.082000
[2026-04-07 14:06:21] step=  8440  loss=2.082000
[2026-04-07 14:07:44] step=  8450  loss=2.437100
[2026-04-07 14:07:44] step=  8450  loss=2.437100
[2026-04-07 14:09:15] step=  8460  loss=2.073800
[2026-04-07 14:09:15] step=  8460  loss=2.073800
[2026-04-07 14:10:47] step=  8470  loss=1.969900
[2026-04-07 14:10:47] step=  8470  loss=1.969900
[2026-04-07 14:12:03] step=  8480  loss=2.308200
[2026-04-07 14:12:03] step=  8480  loss=2.308200
[2026-04-07 14:13:21] step=  8490  loss=2.666000
[2026-04-07 14:13:21] step=  8490  loss=2.666000
[2026-04-07 14:14:55] step=  8500  loss=2.092900
[2026-04-07 14:14:55] step=  8500  loss=2.092900
[2026-04-07 14:16:27] step=  8510  loss=1.997000
[2026-04-07 14:16:27] step=  8510  loss=1.997000
[2026-04-07 14:17:47] step=  8520  loss=2.599700
[2026-04-07 14:17:47] step=  8520  loss=2.599700
[2026-04-07 14:19:10] step=  8530  loss=2.263900
[2026-04-07 14:19:10] step=  8530  loss=2.263900
[2026-04-07 14:20:28] step=  8540  loss=2.280500
[2026-04-07 14:20:28] step=  8540  loss=2.280500
[2026-04-07 14:21:56] step=  8550  loss=2.203900
[2026-04-07 14:21:56] step=  8550  loss=2.203900
[2026-04-07 14:23:25] step=  8560  loss=2.146100
[2026-04-07 14:23:25] step=  8560  loss=2.146100
[2026-04-07 14:24:48] step=  8570  loss=2.136600
[2026-04-07 14:24:48] step=  8570  loss=2.136600
[2026-04-07 14:26:11] step=  8580  loss=2.186800
[2026-04-07 14:26:11] step=  8580  loss=2.186800
[2026-04-07 14:27:33] step=  8590  loss=2.281900
[2026-04-07 14:27:33] step=  8590  loss=2.281900
[2026-04-07 14:28:56] step=  8600  loss=2.420400
[2026-04-07 14:28:56] step=  8600  loss=2.420400
[2026-04-07 14:30:24] step=  8610  loss=2.447100
[2026-04-07 14:30:24] step=  8610  loss=2.447100
[2026-04-07 14:31:44] step=  8620  loss=2.442200
[2026-04-07 14:31:44] step=  8620  loss=2.442200
[2026-04-07 14:33:03] step=  8630  loss=2.534200
[2026-04-07 14:33:03] step=  8630  loss=2.534200
[2026-04-07 14:34:12] step=  8640  loss=2.487500
[2026-04-07 14:34:12] step=  8640  loss=2.487500
[2026-04-07 14:35:38] step=  8650  loss=2.440400
[2026-04-07 14:35:38] step=  8650  loss=2.440400
[2026-04-07 14:37:04] step=  8660  loss=2.168000
[2026-04-07 14:37:04] step=  8660  loss=2.168000
[2026-04-07 14:38:30] step=  8670  loss=2.180100
[2026-04-07 14:38:30] step=  8670  loss=2.180100
[2026-04-07 14:39:55] step=  8680  loss=2.155000
[2026-04-07 14:39:55] step=  8680  loss=2.155000
[2026-04-07 14:41:18] step=  8690  loss=2.247600
[2026-04-07 14:41:18] step=  8690  loss=2.247600
[2026-04-07 14:42:48] step=  8700  loss=2.102200
[2026-04-07 14:42:48] step=  8700  loss=2.102200
[2026-04-07 14:44:15] step=  8710  loss=2.836400
[2026-04-07 14:44:15] step=  8710  loss=2.836400
[2026-04-07 14:45:38] step=  8720  loss=2.399100
[2026-04-07 14:45:38] step=  8720  loss=2.399100
[2026-04-07 14:46:59] step=  8730  loss=2.138600
[2026-04-07 14:46:59] step=  8730  loss=2.138600
[2026-04-07 14:48:18] step=  8740  loss=2.338900
[2026-04-07 14:48:18] step=  8740  loss=2.338900
[2026-04-07 14:49:45] step=  8750  loss=2.189300
[2026-04-07 14:49:45] step=  8750  loss=2.189300
[2026-04-07 14:51:08] step=  8760  loss=2.393200
[2026-04-07 14:51:08] step=  8760  loss=2.393200
[2026-04-07 14:52:33] step=  8770  loss=2.295700
[2026-04-07 14:52:33] step=  8770  loss=2.295700
[2026-04-07 14:54:00] step=  8780  loss=2.163200
[2026-04-07 14:54:00] step=  8780  loss=2.163200
[2026-04-07 14:55:25] step=  8790  loss=2.348000
[2026-04-07 14:55:25] step=  8790  loss=2.348000
[2026-04-07 14:56:45] step=  8800  loss=2.513200
[2026-04-07 14:56:45] step=  8800  loss=2.513200
[2026-04-07 14:58:08] step=  8810  loss=2.575500
[2026-04-07 14:58:08] step=  8810  loss=2.575500
[2026-04-07 14:59:31] step=  8820  loss=2.336600
[2026-04-07 14:59:31] step=  8820  loss=2.336600
[2026-04-07 15:00:56] step=  8830  loss=2.175800
[2026-04-07 15:00:56] step=  8830  loss=2.175800
[2026-04-07 15:02:23] step=  8840  loss=2.339300
[2026-04-07 15:02:23] step=  8840  loss=2.339300
[2026-04-07 15:03:47] step=  8850  loss=2.218900
[2026-04-07 15:03:47] step=  8850  loss=2.218900
[2026-04-07 15:05:16] step=  8860  loss=2.394600
[2026-04-07 15:05:16] step=  8860  loss=2.394600
[2026-04-07 15:06:39] step=  8870  loss=2.220500
[2026-04-07 15:06:39] step=  8870  loss=2.220500
[2026-04-07 15:07:57] step=  8880  loss=2.571000
[2026-04-07 15:07:57] step=  8880  loss=2.571000
[2026-04-07 15:09:28] step=  8890  loss=2.086400
[2026-04-07 15:09:28] step=  8890  loss=2.086400
[2026-04-07 15:10:53] step=  8900  loss=2.456900
[2026-04-07 15:10:53] step=  8900  loss=2.456900
[2026-04-07 15:12:27] step=  8910  loss=2.176800
[2026-04-07 15:12:27] step=  8910  loss=2.176800
[2026-04-07 15:13:56] step=  8920  loss=2.079400
[2026-04-07 15:13:56] step=  8920  loss=2.079400
[2026-04-07 15:15:30] step=  8930  loss=2.051400
[2026-04-07 15:15:30] step=  8930  loss=2.051400
[2026-04-07 15:16:51] step=  8940  loss=2.349900
[2026-04-07 15:16:51] step=  8940  loss=2.349900
[2026-04-07 15:18:17] step=  8950  loss=2.319800
[2026-04-07 15:18:17] step=  8950  loss=2.319800
[2026-04-07 15:19:45] step=  8960  loss=2.035100
[2026-04-07 15:19:45] step=  8960  loss=2.035100
[2026-04-07 15:21:14] step=  8970  loss=2.085400
[2026-04-07 15:21:14] step=  8970  loss=2.085400
[2026-04-07 15:22:44] step=  8980  loss=2.123200
[2026-04-07 15:22:44] step=  8980  loss=2.123200
[2026-04-07 15:24:08] step=  8990  loss=2.454500
[2026-04-07 15:24:08] step=  8990  loss=2.454500
[2026-04-07 15:25:20] step=  9000  loss=2.416900
[2026-04-07 15:25:20] step=  9000  loss=2.416900
[2026-04-07 15:26:46] step=  9010  loss=2.344600
[2026-04-07 15:26:46] step=  9010  loss=2.344600
[2026-04-07 15:28:15] step=  9020  loss=2.252100
[2026-04-07 15:28:15] step=  9020  loss=2.252100
[2026-04-07 15:29:44] step=  9030  loss=2.047700
[2026-04-07 15:29:44] step=  9030  loss=2.047700
[2026-04-07 15:31:02] step=  9040  loss=2.572200
[2026-04-07 15:31:02] step=  9040  loss=2.572200
[2026-04-07 15:32:24] step=  9050  loss=2.419100
[2026-04-07 15:32:24] step=  9050  loss=2.419100
[2026-04-07 15:33:58] step=  9060  loss=1.978800
[2026-04-07 15:33:58] step=  9060  loss=1.978800
[2026-04-07 15:35:19] step=  9070  loss=2.483900
[2026-04-07 15:35:19] step=  9070  loss=2.483900
[2026-04-07 15:36:48] step=  9080  loss=2.215200
[2026-04-07 15:36:48] step=  9080  loss=2.215200
[2026-04-07 15:38:15] step=  9090  loss=2.214400
[2026-04-07 15:38:15] step=  9090  loss=2.214400
[2026-04-07 15:39:45] step=  9100  loss=2.088100
[2026-04-07 15:39:45] step=  9100  loss=2.088100
[2026-04-07 15:41:15] step=  9110  loss=2.244800
[2026-04-07 15:41:15] step=  9110  loss=2.244800
[2026-04-07 15:42:30] step=  9120  loss=2.727300
[2026-04-07 15:42:30] step=  9120  loss=2.727300
[2026-04-07 15:43:50] step=  9130  loss=2.192400
[2026-04-07 15:43:50] step=  9130  loss=2.192400
[2026-04-07 15:45:10] step=  9140  loss=2.278400
[2026-04-07 15:45:10] step=  9140  loss=2.278400
[2026-04-07 15:46:37] step=  9150  loss=2.350600
[2026-04-07 15:46:37] step=  9150  loss=2.350600
[2026-04-07 15:48:03] step=  9160  loss=2.240000
[2026-04-07 15:48:03] step=  9160  loss=2.240000
[2026-04-07 15:49:24] step=  9170  loss=2.696700
[2026-04-07 15:49:24] step=  9170  loss=2.696700
[2026-04-07 15:50:48] step=  9180  loss=2.294700
[2026-04-07 15:50:48] step=  9180  loss=2.294700
[2026-04-07 15:52:12] step=  9190  loss=2.293500
[2026-04-07 15:52:12] step=  9190  loss=2.293500
[2026-04-07 15:53:39] step=  9200  loss=2.083200
[2026-04-07 15:53:39] step=  9200  loss=2.083200
[2026-04-07 15:55:00] step=  9210  loss=2.230300
[2026-04-07 15:55:00] step=  9210  loss=2.230300
[2026-04-07 15:56:20] step=  9220  loss=2.396900
[2026-04-07 15:56:20] step=  9220  loss=2.396900
[2026-04-07 15:57:49] step=  9230  loss=2.101500
[2026-04-07 15:57:49] step=  9230  loss=2.101500
[2026-04-07 15:59:14] step=  9240  loss=2.220100
[2026-04-07 15:59:14] step=  9240  loss=2.220100
[2026-04-07 16:00:36] step=  9250  loss=2.393100
[2026-04-07 16:00:36] step=  9250  loss=2.393100
[2026-04-07 16:02:01] step=  9260  loss=2.143300
[2026-04-07 16:02:01] step=  9260  loss=2.143300
[2026-04-07 16:03:24] step=  9270  loss=1.955500
[2026-04-07 16:03:24] step=  9270  loss=1.955500
[2026-04-07 16:04:53] step=  9280  loss=1.908700
[2026-04-07 16:04:53] step=  9280  loss=1.908700
[2026-04-07 16:06:14] step=  9290  loss=2.563300
[2026-04-07 16:06:14] step=  9290  loss=2.563300
[2026-04-07 16:07:34] step=  9300  loss=2.132000
[2026-04-07 16:07:34] step=  9300  loss=2.132000
[2026-04-07 16:09:07] step=  9310  loss=2.150300
[2026-04-07 16:09:07] step=  9310  loss=2.150300
[2026-04-07 16:10:27] step=  9320  loss=2.170700
[2026-04-07 16:10:27] step=  9320  loss=2.170700
[2026-04-07 16:11:41] step=  9330  loss=2.862300
[2026-04-07 16:11:41] step=  9330  loss=2.862300
[2026-04-07 16:13:08] step=  9340  loss=2.225600
[2026-04-07 16:13:08] step=  9340  loss=2.225600
[2026-04-07 16:14:32] step=  9350  loss=2.156200
[2026-04-07 16:14:32] step=  9350  loss=2.156200
[2026-04-07 16:15:52] step=  9360  loss=2.614100
[2026-04-07 16:15:52] step=  9360  loss=2.614100
[2026-04-07 16:17:21] step=  9370  loss=2.219900
[2026-04-07 16:17:21] step=  9370  loss=2.219900
[2026-04-07 16:18:43] step=  9380  loss=2.376500
[2026-04-07 16:18:43] step=  9380  loss=2.376500
[2026-04-07 16:20:12] step=  9390  loss=1.986100
[2026-04-07 16:20:12] step=  9390  loss=1.986100
[2026-04-07 16:21:31] step=  9400  loss=2.397000
[2026-04-07 16:21:31] step=  9400  loss=2.397000
[2026-04-07 16:22:51] step=  9410  loss=2.325000
[2026-04-07 16:22:51] step=  9410  loss=2.325000
[2026-04-07 16:24:18] step=  9420  loss=2.317300
[2026-04-07 16:24:18] step=  9420  loss=2.317300
[2026-04-07 16:25:41] step=  9430  loss=2.237000
[2026-04-07 16:25:41] step=  9430  loss=2.237000
[2026-04-07 16:27:01] step=  9440  loss=2.220400
[2026-04-07 16:27:01] step=  9440  loss=2.220400
[2026-04-07 16:28:24] step=  9450  loss=2.426300
[2026-04-07 16:28:24] step=  9450  loss=2.426300
[2026-04-07 16:29:44] step=  9460  loss=2.482200
[2026-04-07 16:29:44] step=  9460  loss=2.482200
[2026-04-07 16:31:10] step=  9470  loss=2.267800
[2026-04-07 16:31:10] step=  9470  loss=2.267800
[2026-04-07 16:32:22] step=  9480  loss=2.590500
[2026-04-07 16:32:22] step=  9480  loss=2.590500
[2026-04-07 16:33:51] step=  9490  loss=2.205500
[2026-04-07 16:33:51] step=  9490  loss=2.205500
[2026-04-07 16:35:18] step=  9500  loss=1.970300
[2026-04-07 16:35:18] step=  9500  loss=1.970300
[2026-04-07 16:36:45] step=  9510  loss=2.267800
[2026-04-07 16:36:45] step=  9510  loss=2.267800
[2026-04-07 16:38:14] step=  9520  loss=2.028000
[2026-04-07 16:38:14] step=  9520  loss=2.028000
[2026-04-07 16:39:46] step=  9530  loss=2.065000
[2026-04-07 16:39:46] step=  9530  loss=2.065000
[2026-04-07 16:41:15] step=  9540  loss=2.148200
[2026-04-07 16:41:15] step=  9540  loss=2.148200
[2026-04-07 16:42:36] step=  9550  loss=2.112100
[2026-04-07 16:42:36] step=  9550  loss=2.112100
[2026-04-07 16:44:00] step=  9560  loss=2.128100
[2026-04-07 16:44:00] step=  9560  loss=2.128100
[2026-04-07 16:45:32] step=  9570  loss=1.936400
[2026-04-07 16:45:32] step=  9570  loss=1.936400
[2026-04-07 16:46:49] step=  9580  loss=2.702500
[2026-04-07 16:46:49] step=  9580  loss=2.702500
[2026-04-07 16:48:16] step=  9590  loss=2.290000
[2026-04-07 16:48:16] step=  9590  loss=2.290000
[2026-04-07 16:49:45] step=  9600  loss=2.115600
[2026-04-07 16:49:45] step=  9600  loss=2.115600
[2026-04-07 16:51:16] step=  9610  loss=2.371200
[2026-04-07 16:51:16] step=  9610  loss=2.371200
[2026-04-07 16:52:37] step=  9620  loss=2.212500
[2026-04-07 16:52:37] step=  9620  loss=2.212500
[2026-04-07 16:53:58] step=  9630  loss=2.337000
[2026-04-07 16:53:58] step=  9630  loss=2.337000
[2026-04-07 16:55:17] step=  9640  loss=2.293700
[2026-04-07 16:55:17] step=  9640  loss=2.293700
[2026-04-07 16:56:33] step=  9650  loss=2.448500
[2026-04-07 16:56:33] step=  9650  loss=2.448500
[2026-04-07 16:57:56] step=  9660  loss=2.537300
[2026-04-07 16:57:56] step=  9660  loss=2.537300
[2026-04-07 16:59:24] step=  9670  loss=2.126700
[2026-04-07 16:59:24] step=  9670  loss=2.126700
[2026-04-07 17:00:38] step=  9680  loss=2.722900
[2026-04-07 17:00:38] step=  9680  loss=2.722900
[2026-04-07 17:02:12] step=  9690  loss=2.050100
[2026-04-07 17:02:12] step=  9690  loss=2.050100
[2026-04-07 17:03:35] step=  9700  loss=1.964200
[2026-04-07 17:03:35] step=  9700  loss=1.964200
[2026-04-07 17:05:11] step=  9710  loss=2.122700
[2026-04-07 17:05:11] step=  9710  loss=2.122700
[2026-04-07 17:06:36] step=  9720  loss=2.182400
[2026-04-07 17:06:36] step=  9720  loss=2.182400
[2026-04-07 17:07:48] step=  9730  loss=2.442400
[2026-04-07 17:07:48] step=  9730  loss=2.442400
[2026-04-07 17:09:12] step=  9740  loss=2.475700
[2026-04-07 17:09:12] step=  9740  loss=2.475700
[2026-04-07 17:10:33] step=  9750  loss=2.316100
[2026-04-07 17:10:33] step=  9750  loss=2.316100
[2026-04-07 17:12:00] step=  9760  loss=2.062000
[2026-04-07 17:12:00] step=  9760  loss=2.062000
[2026-04-07 17:13:31] step=  9770  loss=1.977100
[2026-04-07 17:13:31] step=  9770  loss=1.977100
[2026-04-07 17:14:51] step=  9780  loss=2.495200
[2026-04-07 17:14:51] step=  9780  loss=2.495200
[2026-04-07 17:16:21] step=  9790  loss=2.151300
[2026-04-07 17:16:21] step=  9790  loss=2.151300
[2026-04-07 17:17:44] step=  9800  loss=2.182200
[2026-04-07 17:17:44] step=  9800  loss=2.182200
[2026-04-07 17:19:07] step=  9810  loss=2.271200
[2026-04-07 17:19:07] step=  9810  loss=2.271200
[2026-04-07 17:20:34] step=  9820  loss=2.282200
[2026-04-07 17:20:34] step=  9820  loss=2.282200
[2026-04-07 17:22:00] step=  9830  loss=2.299000
[2026-04-07 17:22:00] step=  9830  loss=2.299000
[2026-04-07 17:23:30] step=  9840  loss=2.094400
[2026-04-07 17:23:30] step=  9840  loss=2.094400
[2026-04-07 17:24:52] step=  9850  loss=2.256500
[2026-04-07 17:24:52] step=  9850  loss=2.256500
[2026-04-07 17:26:21] step=  9860  loss=2.037700
[2026-04-07 17:26:21] step=  9860  loss=2.037700
[2026-04-07 17:27:39] step=  9870  loss=2.566700
[2026-04-07 17:27:39] step=  9870  loss=2.566700
[2026-04-07 17:29:10] step=  9880  loss=2.029600
[2026-04-07 17:29:10] step=  9880  loss=2.029600
[2026-04-07 17:30:41] step=  9890  loss=2.323600
[2026-04-07 17:30:41] step=  9890  loss=2.323600
[2026-04-07 17:32:04] step=  9900  loss=2.266000
[2026-04-07 17:32:04] step=  9900  loss=2.266000
[2026-04-07 17:33:27] step=  9910  loss=2.666300
[2026-04-07 17:33:27] step=  9910  loss=2.666300
[2026-04-07 17:34:47] step=  9920  loss=2.604500
[2026-04-07 17:34:47] step=  9920  loss=2.604500
[2026-04-07 17:36:13] step=  9930  loss=2.365100
[2026-04-07 17:36:13] step=  9930  loss=2.365100
[2026-04-07 17:37:36] step=  9940  loss=2.340900
[2026-04-07 17:37:36] step=  9940  loss=2.340900
[2026-04-07 17:39:08] step=  9950  loss=1.996400
[2026-04-07 17:39:08] step=  9950  loss=1.996400
[2026-04-07 17:40:28] step=  9960  loss=2.239700
[2026-04-07 17:40:28] step=  9960  loss=2.239700
[2026-04-07 17:41:53] step=  9970  loss=2.051500
[2026-04-07 17:41:53] step=  9970  loss=2.051500
[2026-04-07 17:43:17] step=  9980  loss=2.736800
[2026-04-07 17:43:17] step=  9980  loss=2.736800
[2026-04-07 17:44:37] step=  9990  loss=2.284700
[2026-04-07 17:44:37] step=  9990  loss=2.284700
[2026-04-07 17:46:05] step= 10000  loss=2.254900
[2026-04-07 17:46:05] step= 10000  loss=2.254900
[2026-04-07 17:47:34] step= 10010  loss=2.403000
[2026-04-07 17:47:34] step= 10010  loss=2.403000
[2026-04-07 17:49:04] step= 10020  loss=2.149100
[2026-04-07 17:49:04] step= 10020  loss=2.149100
[2026-04-07 17:50:28] step= 10030  loss=2.356900
[2026-04-07 17:50:28] step= 10030  loss=2.356900
[2026-04-07 17:51:52] step= 10040  loss=2.065900
[2026-04-07 17:51:52] step= 10040  loss=2.065900
[2026-04-07 17:53:14] step= 10050  loss=2.452900
[2026-04-07 17:53:14] step= 10050  loss=2.452900
[2026-04-07 17:54:46] step= 10060  loss=1.901800
[2026-04-07 17:54:46] step= 10060  loss=1.901800
[2026-04-07 17:55:58] step= 10070  loss=2.402800
[2026-04-07 17:55:58] step= 10070  loss=2.402800
[2026-04-07 17:57:23] step= 10080  loss=2.359600
[2026-04-07 17:57:23] step= 10080  loss=2.359600
[2026-04-07 17:58:40] step= 10090  loss=2.636500
[2026-04-07 17:58:40] step= 10090  loss=2.636500
[2026-04-07 18:00:07] step= 10100  loss=2.424900
[2026-04-07 18:00:07] step= 10100  loss=2.424900
[2026-04-07 18:01:26] step= 10110  loss=2.337800
[2026-04-07 18:01:26] step= 10110  loss=2.337800
[2026-04-07 18:02:53] step= 10120  loss=2.152400
[2026-04-07 18:02:53] step= 10120  loss=2.152400
[2026-04-07 18:04:10] step= 10130  loss=2.588600
[2026-04-07 18:04:10] step= 10130  loss=2.588600
[2026-04-07 18:05:33] step= 10140  loss=2.298500
[2026-04-07 18:05:33] step= 10140  loss=2.298500
[2026-04-07 18:06:57] step= 10150  loss=2.247900
[2026-04-07 18:06:57] step= 10150  loss=2.247900
[2026-04-07 18:08:24] step= 10160  loss=2.018800
[2026-04-07 18:08:24] step= 10160  loss=2.018800
[2026-04-07 18:09:43] step= 10170  loss=2.236400
[2026-04-07 18:09:43] step= 10170  loss=2.236400
[2026-04-07 18:11:05] step= 10180  loss=2.136800
[2026-04-07 18:11:05] step= 10180  loss=2.136800
[2026-04-07 18:12:21] step= 10190  loss=2.478700
[2026-04-07 18:12:21] step= 10190  loss=2.478700
[2026-04-07 18:13:41] step= 10200  loss=2.318500
[2026-04-07 18:13:41] step= 10200  loss=2.318500
[2026-04-07 18:15:04] step= 10210  loss=2.074300
[2026-04-07 18:15:04] step= 10210  loss=2.074300
[2026-04-07 18:16:24] step= 10220  loss=2.041600
[2026-04-07 18:16:24] step= 10220  loss=2.041600
[2026-04-07 18:17:49] step= 10230  loss=2.389600
[2026-04-07 18:17:49] step= 10230  loss=2.389600
[2026-04-07 18:19:11] step= 10240  loss=2.238000
[2026-04-07 18:19:11] step= 10240  loss=2.238000
[2026-04-07 18:20:34] step= 10250  loss=2.098900
[2026-04-07 18:20:34] step= 10250  loss=2.098900
[2026-04-07 18:22:05] step= 10260  loss=2.118300
[2026-04-07 18:22:05] step= 10260  loss=2.118300
[2026-04-07 18:23:28] step= 10270  loss=2.360800
[2026-04-07 18:23:28] step= 10270  loss=2.360800
[2026-04-07 18:24:49] step= 10280  loss=2.298700
[2026-04-07 18:24:49] step= 10280  loss=2.298700
[2026-04-07 18:26:09] step= 10290  loss=2.325800
[2026-04-07 18:26:09] step= 10290  loss=2.325800
[2026-04-07 18:27:30] step= 10300  loss=2.256600
[2026-04-07 18:27:30] step= 10300  loss=2.256600
[2026-04-07 18:28:53] step= 10310  loss=2.381700
[2026-04-07 18:28:53] step= 10310  loss=2.381700
[2026-04-07 18:30:09] step= 10320  loss=1.967900
[2026-04-07 18:30:09] step= 10320  loss=1.967900
[2026-04-07 18:31:30] step= 10330  loss=2.170500
[2026-04-07 18:31:30] step= 10330  loss=2.170500
[2026-04-07 18:33:04] step= 10340  loss=1.843400
[2026-04-07 18:33:04] step= 10340  loss=1.843400
[2026-04-07 18:34:24] step= 10350  loss=2.233300
[2026-04-07 18:34:24] step= 10350  loss=2.233300
[2026-04-07 18:36:00] step= 10360  loss=1.672700
[2026-04-07 18:36:00] step= 10360  loss=1.672700
[2026-04-07 18:37:18] step= 10370  loss=2.578100
[2026-04-07 18:37:18] step= 10370  loss=2.578100
[2026-04-07 18:38:41] step= 10380  loss=1.942700
[2026-04-07 18:38:41] step= 10380  loss=1.942700
[2026-04-07 18:40:05] step= 10390  loss=2.201500
[2026-04-07 18:40:05] step= 10390  loss=2.201500
[2026-04-07 18:41:28] step= 10400  loss=2.140300
[2026-04-07 18:41:28] step= 10400  loss=2.140300
[2026-04-07 18:43:00] step= 10410  loss=1.807400
[2026-04-07 18:43:00] step= 10410  loss=1.807400
[2026-04-07 18:44:19] step= 10420  loss=2.401300
[2026-04-07 18:44:19] step= 10420  loss=2.401300
[2026-04-07 18:45:48] step= 10430  loss=2.236200
[2026-04-07 18:45:48] step= 10430  loss=2.236200
[2026-04-07 18:47:13] step= 10440  loss=2.246000
[2026-04-07 18:47:13] step= 10440  loss=2.246000
[2026-04-07 18:48:38] step= 10450  loss=2.311700
[2026-04-07 18:48:38] step= 10450  loss=2.311700
[2026-04-07 18:50:08] step= 10460  loss=2.015200
[2026-04-07 18:50:08] step= 10460  loss=2.015200
[2026-04-07 18:51:42] step= 10470  loss=1.992500
[2026-04-07 18:51:42] step= 10470  loss=1.992500
[2026-04-07 18:53:01] step= 10480  loss=2.086300
[2026-04-07 18:53:01] step= 10480  loss=2.086300
[2026-04-07 18:54:22] step= 10490  loss=2.077200
[2026-04-07 18:54:22] step= 10490  loss=2.077200
[2026-04-07 18:55:49] step= 10500  loss=2.394600
[2026-04-07 18:55:49] step= 10500  loss=2.394600

============================================================
Training session started: 2026-04-07 19:33:39.169379
============================================================
[2026-04-07 19:35:11] step= 10510  loss=2.204200
[2026-04-07 19:36:37] step= 10520  loss=2.108200
[2026-04-07 19:37:57] step= 10530  loss=2.095000
[2026-04-07 19:39:16] step= 10540  loss=2.039700
[2026-04-07 19:40:43] step= 10550  loss=1.715400
[2026-04-07 19:42:00] step= 10560  loss=2.118100
[2026-04-07 19:43:25] step= 10570  loss=1.952400
[2026-04-07 19:44:48] step= 10580  loss=1.752300
[2026-04-07 19:46:19] step= 10590  loss=1.893800
[2026-04-07 19:47:47] step= 10600  loss=1.819700
[2026-04-07 19:49:18] step= 10610  loss=1.811800
[2026-04-07 19:50:35] step= 10620  loss=2.104300
[2026-04-07 19:51:56] step= 10630  loss=1.924500
[2026-04-07 19:53:24] step= 10640  loss=1.969500
[2026-04-07 19:54:35] step= 10650  loss=2.213100
[2026-04-07 19:56:03] step= 10660  loss=1.918900
[2026-04-07 19:57:33] step= 10670  loss=1.689200
[2026-04-07 19:58:59] step= 10680  loss=1.810700
[2026-04-07 20:00:16] step= 10690  loss=1.944500
[2026-04-07 20:01:46] step= 10700  loss=1.793200
[2026-04-07 20:03:06] step= 10710  loss=2.264600
[2026-04-07 20:04:36] step= 10720  loss=1.787000
[2026-04-07 20:06:05] step= 10730  loss=1.654200
[2026-04-07 20:07:39] step= 10740  loss=1.543100
[2026-04-07 20:09:10] step= 10750  loss=1.545200
[2026-04-07 20:10:36] step= 10760  loss=1.717400
[2026-04-07 20:12:00] step= 10770  loss=1.881800
[2026-04-07 20:13:29] step= 10780  loss=1.642100
[2026-04-07 20:14:48] step= 10790  loss=2.087400
[2026-04-07 20:16:16] step= 10800  loss=1.777800
[2026-04-07 20:17:44] step= 10810  loss=1.909200
[2026-04-07 20:19:14] step= 10820  loss=1.680000
[2026-04-07 20:20:36] step= 10830  loss=1.918200
[2026-04-07 20:22:04] step= 10840  loss=2.011100
[2026-04-07 20:23:27] step= 10850  loss=1.974900
[2026-04-07 20:24:46] step= 10860  loss=1.986000
[2026-04-07 20:26:15] step= 10870  loss=1.731200
[2026-04-07 20:27:43] step= 10880  loss=1.811300
[2026-04-07 20:29:07] step= 10890  loss=1.904200
[2026-04-07 20:30:28] step= 10900  loss=1.925200
[2026-04-07 20:31:53] step= 10910  loss=1.822300
[2026-04-07 20:33:22] step= 10920  loss=1.818900
[2026-04-07 20:34:45] step= 10930  loss=1.981100
[2026-04-07 20:36:19] step= 10940  loss=1.633500
[2026-04-07 20:37:43] step= 10950  loss=1.777900
[2026-04-07 20:39:13] step= 10960  loss=1.834500
[2026-04-07 20:40:32] step= 10970  loss=2.187900
[2026-04-07 20:41:55] step= 10980  loss=1.792600
[2026-04-07 20:43:24] step= 10990  loss=1.715100
[2026-04-07 20:44:41] step= 11000  loss=1.980200
[2026-04-07 20:46:01] step= 11010  loss=2.018000
[2026-04-07 20:47:26] step= 11020  loss=1.895300
[2026-04-07 20:48:56] step= 11030  loss=2.089900
[2026-04-07 20:50:18] step= 11040  loss=1.999700
[2026-04-07 20:51:41] step= 11050  loss=1.839500
[2026-04-07 20:53:09] step= 11060  loss=1.666400
[2026-04-07 20:54:35] step= 11070  loss=1.863500
[2026-04-07 20:56:05] step= 11080  loss=1.902200
[2026-04-07 20:57:29] step= 11090  loss=1.808800
[2026-04-07 20:58:55] step= 11100  loss=2.065300
[2026-04-07 21:00:31] step= 11110  loss=1.615000
[2026-04-07 21:01:53] step= 11120  loss=1.894700
[2026-04-07 21:03:23] step= 11130  loss=1.723400
[2026-04-07 21:04:47] step= 11140  loss=1.819400
[2026-04-07 21:06:16] step= 11150  loss=1.831000
[2026-04-07 21:07:43] step= 11160  loss=1.773200
[2026-04-07 21:09:09] step= 11170  loss=1.801400
[2026-04-07 21:10:26] step= 11180  loss=2.026200
[2026-04-07 21:11:54] step= 11190  loss=1.899400
[2026-04-07 21:13:15] step= 11200  loss=1.945500
[2026-04-07 21:14:50] step= 11210  loss=1.751200
[2026-04-07 21:16:14] step= 11220  loss=1.704500
[2026-04-07 21:17:40] step= 11230  loss=1.941300
[2026-04-07 21:18:59] step= 11240  loss=2.260700
[2026-04-07 21:20:33] step= 11250  loss=1.707200
[2026-04-07 21:22:02] step= 11260  loss=1.567900
[2026-04-07 21:23:26] step= 11270  loss=1.691100
[2026-04-07 21:24:42] step= 11280  loss=2.236100
[2026-04-07 21:26:13] step= 11290  loss=1.663100
[2026-04-07 21:27:41] step= 11300  loss=1.661500
[2026-04-07 21:29:21] step= 11310  loss=1.472800
[2026-04-07 21:30:41] step= 11320  loss=1.941400
[2026-04-07 21:31:59] step= 11330  loss=2.090800
[2026-04-07 21:33:27] step= 11340  loss=1.764000
[2026-04-07 21:34:48] step= 11350  loss=1.973600
[2026-04-07 21:36:13] step= 11360  loss=1.819900
[2026-04-07 21:37:38] step= 11370  loss=1.945800
[2026-04-07 21:38:55] step= 11380  loss=2.040100
[2026-04-07 21:40:22] step= 11390  loss=1.661300
[2026-04-07 21:41:47] step= 11400  loss=1.581400
[2026-04-07 21:43:19] step= 11410  loss=1.586800
[2026-04-07 21:44:45] step= 11420  loss=1.954800
[2026-04-07 21:46:09] step= 11430  loss=1.685900
[2026-04-07 21:47:25] step= 11440  loss=2.131300
[2026-04-07 21:48:49] step= 11450  loss=2.036400
[2026-04-07 21:50:17] step= 11460  loss=1.710500
[2026-04-07 21:51:47] step= 11470  loss=1.767800
[2026-04-07 21:53:13] step= 11480  loss=1.605500
[2026-04-07 21:54:47] step= 11490  loss=1.826000
[2026-04-07 21:56:15] step= 11500  loss=1.804700
[2026-04-07 21:57:50] step= 11510  loss=1.773200
[2026-04-07 21:59:12] step= 11520  loss=1.837200
[2026-04-07 22:00:33] step= 11530  loss=1.946200
[2026-04-07 22:01:50] step= 11540  loss=1.998300
[2026-04-07 22:03:14] step= 11550  loss=1.831500
[2026-04-07 22:04:37] step= 11560  loss=1.845200
[2026-04-07 22:06:05] step= 11570  loss=1.929300
[2026-04-07 22:07:31] step= 11580  loss=1.709200
[2026-04-07 22:08:52] step= 11590  loss=2.132500
[2026-04-07 22:10:16] step= 11600  loss=1.747700
[2026-04-07 22:11:45] step= 11610  loss=1.752000
[2026-04-07 22:13:06] step= 11620  loss=1.779300
[2026-04-07 22:14:27] step= 11630  loss=2.076500
[2026-04-07 22:15:58] step= 11640  loss=1.670800
[2026-04-07 22:17:27] step= 11650  loss=1.649800
[2026-04-07 22:18:49] step= 11660  loss=1.749700
[2026-04-07 22:20:14] step= 11670  loss=1.976300
[2026-04-07 22:21:19] step= 11680  loss=2.226900
[2026-04-07 22:22:43] step= 11690  loss=2.049700
[2026-04-07 22:24:05] step= 11700  loss=2.054700
[2026-04-07 22:25:34] step= 11710  loss=1.767900
[2026-04-07 22:27:06] step= 11720  loss=1.642600
[2026-04-07 22:28:33] step= 11730  loss=1.811200
[2026-04-07 22:29:55] step= 11740  loss=1.828900
[2026-04-07 22:31:25] step= 11750  loss=1.625600
[2026-04-07 22:32:39] step= 11760  loss=2.057500
[2026-04-07 22:34:08] step= 11770  loss=1.638200
[2026-04-07 22:35:31] step= 11780  loss=1.998200
[2026-04-07 22:36:57] step= 11790  loss=1.923500
[2026-04-07 22:38:22] step= 11800  loss=1.917200
[2026-04-07 22:39:50] step= 11810  loss=1.648200
[2026-04-07 22:41:20] step= 11820  loss=1.697200
[2026-04-07 22:42:53] step= 11830  loss=1.657500
[2026-04-07 22:44:22] step= 11840  loss=1.851900
[2026-04-07 22:45:46] step= 11850  loss=2.051800
[2026-04-07 22:47:12] step= 11860  loss=1.917200
[2026-04-07 22:48:34] step= 11870  loss=1.879500
[2026-04-07 22:49:51] step= 11880  loss=1.950600
[2026-04-07 22:51:23] step= 11890  loss=1.687600
[2026-04-07 22:52:42] step= 11900  loss=1.888400
[2026-04-07 22:54:07] step= 11910  loss=1.812200
[2026-04-07 22:55:32] step= 11920  loss=1.755500
[2026-04-07 22:56:58] step= 11930  loss=1.736500
[2026-04-07 22:58:20] step= 11940  loss=1.968900
[2026-04-07 22:59:51] step= 11950  loss=1.589000
[2026-04-07 23:01:15] step= 11960  loss=1.894200
[2026-04-07 23:02:38] step= 11970  loss=2.051000
[2026-04-07 23:04:04] step= 11980  loss=2.056000
[2026-04-07 23:05:30] step= 11990  loss=1.764200
[2026-04-07 23:06:52] step= 12000  loss=1.804100
[2026-04-07 23:08:30] step= 12010  loss=1.460900
[2026-04-07 23:09:49] step= 12020  loss=2.083900
[2026-04-07 23:11:05] step= 12030  loss=1.937700
[2026-04-07 23:12:36] step= 12040  loss=1.644100
[2026-04-07 23:13:55] step= 12050  loss=1.779600
[2026-04-07 23:15:19] step= 12060  loss=1.641200
[2026-04-07 23:16:51] step= 12070  loss=1.682100
[2026-04-07 23:18:15] step= 12080  loss=1.654600
[2026-04-07 23:19:43] step= 12090  loss=1.930100
[2026-04-07 23:21:03] step= 12100  loss=2.017700
[2026-04-07 23:22:38] step= 12110  loss=1.754400
[2026-04-07 23:23:55] step= 12120  loss=1.881700
[2026-04-07 23:25:17] step= 12130  loss=1.970400
[2026-04-07 23:26:42] step= 12140  loss=1.898400
[2026-04-07 23:28:05] step= 12150  loss=1.925300
[2026-04-07 23:29:29] step= 12160  loss=1.746600
[2026-04-07 23:30:54] step= 12170  loss=1.648500
[2026-04-07 23:32:18] step= 12180  loss=1.637900
[2026-04-07 23:33:36] step= 12190  loss=1.871600
[2026-04-07 23:34:59] step= 12200  loss=1.966500
[2026-04-07 23:36:30] step= 12210  loss=1.779800
[2026-04-07 23:37:55] step= 12220  loss=1.927600
[2026-04-07 23:39:20] step= 12230  loss=1.772300
[2026-04-07 23:40:54] step= 12240  loss=1.651800
[2026-04-07 23:42:23] step= 12250  loss=1.819100
[2026-04-07 23:43:55] step= 12260  loss=1.777500
[2026-04-07 23:45:19] step= 12270  loss=1.811000
[2026-04-07 23:46:53] step= 12280  loss=1.717000
[2026-04-07 23:48:15] step= 12290  loss=1.754800
[2026-04-07 23:49:38] step= 12300  loss=1.792000
[2026-04-07 23:51:08] step= 12310  loss=1.870200
[2026-04-07 23:52:27] step= 12320  loss=1.839200
[2026-04-07 23:53:59] step= 12330  loss=1.620500
[2026-04-07 23:55:19] step= 12340  loss=1.773500
[2026-04-07 23:56:45] step= 12350  loss=1.788600
[2026-04-07 23:58:10] step= 12360  loss=1.781700
[2026-04-07 23:59:37] step= 12370  loss=1.760900
[2026-04-08 00:00:56] step= 12380  loss=1.974500
[2026-04-08 00:02:13] step= 12390  loss=2.048100
[2026-04-08 00:03:38] step= 12400  loss=1.831700
[2026-04-08 00:05:07] step= 12410  loss=1.920700
[2026-04-08 00:06:26] step= 12420  loss=1.841000
[2026-04-08 00:07:49] step= 12430  loss=1.862700
[2026-04-08 00:09:18] step= 12440  loss=1.812700
[2026-04-08 00:10:43] step= 12450  loss=2.098200
[2026-04-08 00:12:05] step= 12460  loss=1.788700
[2026-04-08 00:13:25] step= 12470  loss=1.880900
[2026-04-08 00:14:53] step= 12480  loss=1.739500
[2026-04-08 00:16:23] step= 12490  loss=1.740800
[2026-04-08 00:17:40] step= 12500  loss=1.880300
[2026-04-08 00:19:05] step= 12510  loss=2.011700
[2026-04-08 00:20:30] step= 12520  loss=1.865200
[2026-04-08 00:21:45] step= 12530  loss=2.105900
[2026-04-08 00:23:11] step= 12540  loss=1.789700
[2026-04-08 00:24:33] step= 12550  loss=1.882800
[2026-04-08 00:25:57] step= 12560  loss=1.740200
[2026-04-08 00:27:27] step= 12570  loss=1.646100
[2026-04-08 00:28:40] step= 12580  loss=2.167800
[2026-04-08 00:30:01] step= 12590  loss=1.836200
[2026-04-08 00:31:22] step= 12600  loss=1.833700
[2026-04-08 00:32:40] step= 12610  loss=1.967600
[2026-04-08 00:34:09] step= 12620  loss=1.810400
[2026-04-08 00:35:35] step= 12630  loss=1.826100
[2026-04-08 00:37:01] step= 12640  loss=1.841800
[2026-04-08 00:38:26] step= 12650  loss=1.665200
[2026-04-08 00:39:53] step= 12660  loss=1.668500
[2026-04-08 00:41:12] step= 12670  loss=1.957300
[2026-04-08 00:42:39] step= 12680  loss=1.833900
[2026-04-08 00:44:09] step= 12690  loss=1.662800
[2026-04-08 00:45:33] step= 12700  loss=1.769500
[2026-04-08 00:47:00] step= 12710  loss=1.945600
[2026-04-08 00:48:27] step= 12720  loss=1.908300
[2026-04-08 00:49:44] step= 12730  loss=1.929600
[2026-04-08 00:51:06] step= 12740  loss=1.890500
[2026-04-08 00:52:37] step= 12750  loss=1.878200
[2026-04-08 00:54:04] step= 12760  loss=1.790300
[2026-04-08 00:55:30] step= 12770  loss=1.653500
[2026-04-08 00:56:53] step= 12780  loss=1.870800
[2026-04-08 00:58:19] step= 12790  loss=1.842900
[2026-04-08 00:59:51] step= 12800  loss=1.575300
[2026-04-08 01:01:19] step= 12810  loss=1.813600
[2026-04-08 01:02:45] step= 12820  loss=1.945600
[2026-04-08 01:04:16] step= 12830  loss=1.657000
[2026-04-08 01:05:41] step= 12840  loss=1.682800
[2026-04-08 01:07:00] step= 12850  loss=1.920300
[2026-04-08 01:08:20] step= 12860  loss=1.817500
[2026-04-08 01:09:46] step= 12870  loss=1.745100
[2026-04-08 01:11:16] step= 12880  loss=1.600500
[2026-04-08 01:12:38] step= 12890  loss=1.877800
[2026-04-08 01:13:59] step= 12900  loss=2.016000
[2026-04-08 01:15:24] step= 12910  loss=1.728800
[2026-04-08 01:16:54] step= 12920  loss=1.643800
[2026-04-08 01:18:22] step= 12930  loss=1.729500
[2026-04-08 01:19:39] step= 12940  loss=1.985500
[2026-04-08 01:21:13] step= 12950  loss=1.740200
[2026-04-08 01:22:37] step= 12960  loss=1.663700
[2026-04-08 01:23:51] step= 12970  loss=2.005300
[2026-04-08 01:25:22] step= 12980  loss=1.518500
[2026-04-08 01:26:42] step= 12990  loss=1.697300
[2026-04-08 01:28:17] step= 13000  loss=1.541800
[2026-04-08 01:29:34] step= 13010  loss=1.846800
[2026-04-08 01:31:02] step= 13020  loss=1.663800
[2026-04-08 01:32:28] step= 13030  loss=1.738100
[2026-04-08 01:33:51] step= 13040  loss=2.045100
[2026-04-08 01:35:19] step= 13050  loss=1.741100
[2026-04-08 01:36:39] step= 13060  loss=1.915400
[2026-04-08 01:38:08] step= 13070  loss=1.600200
[2026-04-08 01:39:36] step= 13080  loss=1.713300
[2026-04-08 01:41:02] step= 13090  loss=1.785000
[2026-04-08 01:42:19] step= 13100  loss=1.985100
[2026-04-08 01:43:49] step= 13110  loss=1.556200
[2026-04-08 01:45:10] step= 13120  loss=1.881800
[2026-04-08 01:46:36] step= 13130  loss=1.621200
[2026-04-08 01:47:56] step= 13140  loss=1.821000
[2026-04-08 01:49:28] step= 13150  loss=1.621200
[2026-04-08 01:50:51] step= 13160  loss=1.946000
[2026-04-08 01:52:19] step= 13170  loss=1.797500
[2026-04-08 01:53:45] step= 13180  loss=1.903800
[2026-04-08 01:55:04] step= 13190  loss=2.085200
[2026-04-08 01:56:38] step= 13200  loss=1.636800
[2026-04-08 01:58:03] step= 13210  loss=1.687200
[2026-04-08 01:59:33] step= 13220  loss=1.819400
[2026-04-08 02:00:58] step= 13230  loss=1.894900
[2026-04-08 02:02:26] step= 13240  loss=1.710200
[2026-04-08 02:03:59] step= 13250  loss=1.585200
[2026-04-08 02:05:16] step= 13260  loss=2.192800
[2026-04-08 02:06:42] step= 13270  loss=1.802200
[2026-04-08 02:07:58] step= 13280  loss=1.947400
[2026-04-08 02:09:27] step= 13290  loss=1.649900
[2026-04-08 02:10:48] step= 13300  loss=2.095900
[2026-04-08 02:12:16] step= 13310  loss=1.936900
[2026-04-08 02:13:34] step= 13320  loss=1.983200
[2026-04-08 02:15:04] step= 13330  loss=1.645800
[2026-04-08 02:16:31] step= 13340  loss=1.805500
[2026-04-08 02:17:53] step= 13350  loss=1.836700
[2026-04-08 02:19:18] step= 13360  loss=1.834300
[2026-04-08 02:20:51] step= 13370  loss=1.579700
[2026-04-08 02:22:09] step= 13380  loss=1.909700
[2026-04-08 02:23:31] step= 13390  loss=1.811500
[2026-04-08 02:24:44] step= 13400  loss=2.050900
[2026-04-08 02:26:15] step= 13410  loss=1.793000
[2026-04-08 02:27:40] step= 13420  loss=1.820600
[2026-04-08 02:29:09] step= 13430  loss=1.589800
[2026-04-08 02:30:35] step= 13440  loss=1.566900
[2026-04-08 02:32:01] step= 13450  loss=1.688900
[2026-04-08 02:33:20] step= 13460  loss=1.932500
[2026-04-08 02:34:45] step= 13470  loss=1.741000
[2026-04-08 02:36:09] step= 13480  loss=1.608300
[2026-04-08 02:37:34] step= 13490  loss=1.729900
[2026-04-08 02:39:02] step= 13500  loss=1.844500
[2026-04-08 02:40:25] step= 13510  loss=1.770300
[2026-04-08 02:41:49] step= 13520  loss=1.819100
[2026-04-08 02:43:14] step= 13530  loss=1.932200
[2026-04-08 02:44:41] step= 13540  loss=1.602000
[2026-04-08 02:45:57] step= 13550  loss=2.260700
[2026-04-08 02:47:21] step= 13560  loss=1.788700
[2026-04-08 02:48:44] step= 13570  loss=1.852400
[2026-04-08 02:50:01] step= 13580  loss=1.869100
[2026-04-08 02:51:26] step= 13590  loss=1.726900
[2026-04-08 02:52:51] step= 13600  loss=1.832900
[2026-04-08 02:54:15] step= 13610  loss=2.075200
[2026-04-08 02:55:34] step= 13620  loss=2.177200
[2026-04-08 02:57:07] step= 13630  loss=1.627300
[2026-04-08 02:58:34] step= 13640  loss=1.842700
[2026-04-08 02:59:54] step= 13650  loss=1.944700
[2026-04-08 03:01:22] step= 13660  loss=1.573600
[2026-04-08 03:02:39] step= 13670  loss=1.958800
[2026-04-08 03:04:00] step= 13680  loss=1.891800
[2026-04-08 03:05:22] step= 13690  loss=1.973300
[2026-04-08 03:06:52] step= 13700  loss=1.671600
[2026-04-08 03:08:11] step= 13710  loss=1.928500
[2026-04-08 03:09:27] step= 13720  loss=1.997700
[2026-04-08 03:10:53] step= 13730  loss=1.644000
[2026-04-08 03:12:14] step= 13740  loss=1.737600
[2026-04-08 03:13:29] step= 13750  loss=1.988500
[2026-04-08 03:14:48] step= 13760  loss=2.033500
[2026-04-08 03:16:09] step= 13770  loss=1.791100
[2026-04-08 03:17:42] step= 13780  loss=1.710300
[2026-04-08 03:19:08] step= 13790  loss=1.732800
[2026-04-08 03:20:28] step= 13800  loss=1.914300
[2026-04-08 03:21:53] step= 13810  loss=1.764800
[2026-04-08 03:23:21] step= 13820  loss=1.856500
[2026-04-08 03:24:38] step= 13830  loss=1.931500
[2026-04-08 03:26:02] step= 13840  loss=1.571200
[2026-04-08 03:27:40] step= 13850  loss=1.322400
[2026-04-08 03:29:01] step= 13860  loss=1.705000
[2026-04-08 03:30:29] step= 13870  loss=1.684900
[2026-04-08 03:31:53] step= 13880  loss=1.613600

============================================================
Training session started: 2026-04-09 16:54:51.336500
============================================================
[2026-04-09 16:56:15] step= 13810  loss=1.764800
[2026-04-09 16:57:43] step= 13820  loss=1.856500
[2026-04-09 16:58:59] step= 13830  loss=1.930900
[2026-04-09 17:00:23] step= 13840  loss=1.571500
[2026-04-09 17:02:01] step= 13850  loss=1.323100
[2026-04-09 17:03:21] step= 13860  loss=1.705600
[2026-04-09 17:04:49] step= 13870  loss=1.685800
[2026-04-09 17:06:13] step= 13880  loss=1.613800
[2026-04-09 17:07:22] step= 13890  loss=2.202700
[2026-04-09 17:08:57] step= 13900  loss=1.554100
[2026-04-09 17:10:31] step= 13910  loss=1.569500
[2026-04-09 17:11:48] step= 13920  loss=1.908100
[2026-04-09 17:13:03] step= 13930  loss=1.843400
[2026-04-09 17:14:32] step= 13940  loss=1.811700
[2026-04-09 17:15:58] step= 13950  loss=1.734100
[2026-04-09 17:17:16] step= 13960  loss=1.969800
[2026-04-09 17:18:33] step= 13970  loss=2.202300
[2026-04-09 17:19:50] step= 13980  loss=1.819400
[2026-04-09 17:21:17] step= 13990  loss=1.824100
[2026-04-09 17:22:46] step= 14000  loss=1.518900
[2026-04-09 17:24:13] step= 14010  loss=1.819900
[2026-04-09 17:25:35] step= 14020  loss=1.780300
[2026-04-09 17:27:05] step= 14030  loss=1.633400
[2026-04-09 17:28:16] step= 14040  loss=2.223000
[2026-04-09 17:29:40] step= 14050  loss=1.792500
[2026-04-09 17:31:11] step= 14060  loss=1.579300
[2026-04-09 17:32:43] step= 14070  loss=1.597900
[2026-04-09 17:34:08] step= 14080  loss=1.866500
[2026-04-09 17:35:27] step= 14090  loss=1.826400
[2026-04-09 17:36:48] step= 14100  loss=1.789900
[2026-04-09 17:38:22] step= 14110  loss=1.724600
[2026-04-09 17:39:51] step= 14120  loss=1.574700
[2026-04-09 17:41:17] step= 14130  loss=1.760500
[2026-04-09 17:42:30] step= 14140  loss=1.947600
[2026-04-09 17:43:53] step= 14150  loss=1.779700
[2026-04-09 17:45:13] step= 14160  loss=1.670000
[2026-04-09 17:46:33] step= 14170  loss=1.736900
[2026-04-09 17:47:50] step= 14180  loss=2.144800
[2026-04-09 17:49:16] step= 14190  loss=1.736500
[2026-04-09 17:50:40] step= 14200  loss=1.733800
[2026-04-09 17:52:09] step= 14210  loss=1.748700
[2026-04-09 17:53:34] step= 14220  loss=1.821800
[2026-04-09 17:54:55] step= 14230  loss=2.036700
[2026-04-09 17:56:15] step= 14240  loss=1.684100
[2026-04-09 17:57:42] step= 14250  loss=1.647500
[2026-04-09 17:59:12] step= 14260  loss=1.650800
[2026-04-09 18:00:38] step= 14270  loss=1.766400
[2026-04-09 18:02:04] step= 14280  loss=1.739300
[2026-04-09 18:03:30] step= 14290  loss=1.668400
[2026-04-09 18:04:52] step= 14300  loss=1.749100
[2026-04-09 18:06:11] step= 14310  loss=2.085000
[2026-04-09 18:07:41] step= 14320  loss=1.752700
[2026-04-09 18:09:10] step= 14330  loss=1.596700
[2026-04-09 18:10:30] step= 14340  loss=1.967600
[2026-04-09 18:12:01] step= 14350  loss=1.505800
[2026-04-09 18:13:20] step= 14360  loss=1.904500
[2026-04-09 18:14:55] step= 14370  loss=1.457900
[2026-04-09 18:16:19] step= 14380  loss=1.769200
[2026-04-09 18:17:45] step= 14390  loss=1.844300
[2026-04-09 18:19:11] step= 14400  loss=1.840200
[2026-04-09 18:20:29] step= 14410  loss=2.017000
[2026-04-09 18:21:50] step= 14420  loss=1.804000
[2026-04-09 18:23:17] step= 14430  loss=1.529900
[2026-04-09 18:24:38] step= 14440  loss=1.961900
[2026-04-09 18:25:59] step= 14450  loss=1.949700
[2026-04-09 18:27:25] step= 14460  loss=1.637500
[2026-04-09 18:28:47] step= 14470  loss=1.880500
[2026-04-09 18:30:03] step= 14480  loss=1.951500
[2026-04-09 18:31:35] step= 14490  loss=1.706900
[2026-04-09 18:32:55] step= 14500  loss=1.745100
[2026-04-09 18:34:25] step= 14510  loss=1.624500
[2026-04-09 18:35:49] step= 14520  loss=1.725100
[2026-04-09 18:37:13] step= 14530  loss=1.767500
[2026-04-09 18:38:34] step= 14540  loss=1.975500
[2026-04-09 18:39:58] step= 14550  loss=1.696800
[2026-04-09 18:41:23] step= 14560  loss=1.582200
[2026-04-09 18:42:49] step= 14570  loss=1.820800
[2026-04-09 18:44:14] step= 14580  loss=2.008100
[2026-04-09 18:45:43] step= 14590  loss=1.682700
[2026-04-09 18:47:07] step= 14600  loss=1.687100
[2026-04-09 18:48:34] step= 14610  loss=1.811200
[2026-04-09 18:50:02] step= 14620  loss=1.709200
[2026-04-09 18:51:17] step= 14630  loss=2.069700
[2026-04-09 18:52:52] step= 14640  loss=1.546800
[2026-04-09 18:54:10] step= 14650  loss=1.930500
[2026-04-09 18:55:41] step= 14660  loss=1.601300
[2026-04-09 18:57:01] step= 14670  loss=1.814300
[2026-04-09 18:58:34] step= 14680  loss=1.647900
[2026-04-09 18:59:55] step= 14690  loss=1.770100
[2026-04-09 19:01:24] step= 14700  loss=1.812000
[2026-04-09 19:02:44] step= 14710  loss=1.801600
[2026-04-09 19:04:17] step= 14720  loss=1.578200
[2026-04-09 19:05:43] step= 14730  loss=1.632000
[2026-04-09 19:07:14] step= 14740  loss=1.562000
[2026-04-09 19:08:43] step= 14750  loss=1.591200
[2026-04-09 19:10:11] step= 14760  loss=1.720200
[2026-04-09 19:11:31] step= 14770  loss=1.861200
[2026-04-09 19:12:58] step= 14780  loss=1.576900
[2026-04-09 19:14:32] step= 14790  loss=1.573600
[2026-04-09 19:15:43] step= 14800  loss=2.263000
[2026-04-09 19:17:07] step= 14810  loss=2.022200
[2026-04-09 19:18:36] step= 14820  loss=1.657800
[2026-04-09 19:20:00] step= 14830  loss=1.823700
[2026-04-09 19:21:26] step= 14840  loss=1.799900
[2026-04-09 19:22:48] step= 14850  loss=1.813900
[2026-04-09 19:24:15] step= 14860  loss=1.557000
[2026-04-09 19:25:49] step= 14870  loss=1.502800
[2026-04-09 19:27:16] step= 14880  loss=1.581000
[2026-04-09 19:28:43] step= 14890  loss=1.685700
[2026-04-09 19:30:00] step= 14900  loss=1.987100
[2026-04-09 19:31:34] step= 14910  loss=1.472000
[2026-04-09 19:33:01] step= 14920  loss=1.608200
[2026-04-09 19:34:30] step= 14930  loss=1.674700
[2026-04-09 19:36:05] step= 14940  loss=1.507700
[2026-04-09 19:37:38] step= 14950  loss=1.573000
[2026-04-09 19:38:56] step= 14960  loss=2.050200
[2026-04-09 19:40:22] step= 14970  loss=1.606700
[2026-04-09 19:41:50] step= 14980  loss=1.708100
[2026-04-09 19:43:16] step= 14990  loss=1.742800
[2026-04-09 19:44:40] step= 15000  loss=1.812000
[2026-04-09 19:46:10] step= 15010  loss=1.859600
[2026-04-09 19:47:38] step= 15020  loss=1.843700
[2026-04-09 19:49:05] step= 15030  loss=1.707600
[2026-04-09 19:50:27] step= 15040  loss=1.928500
[2026-04-09 19:51:43] step= 15050  loss=1.860600
[2026-04-09 19:53:13] step= 15060  loss=1.528800
[2026-04-09 19:54:37] step= 15070  loss=1.571900
[2026-04-09 19:55:59] step= 15080  loss=1.941100
[2026-04-09 19:57:21] step= 15090  loss=1.695800
[2026-04-09 19:58:47] step= 15100  loss=1.652700
[2026-04-09 20:00:15] step= 15110  loss=1.798400
[2026-04-09 20:01:46] step= 15120  loss=1.646300
[2026-04-09 20:03:21] step= 15130  loss=1.487000
[2026-04-09 20:04:40] step= 15140  loss=2.007800
[2026-04-09 20:06:04] step= 15150  loss=1.631500
[2026-04-09 20:07:26] step= 15160  loss=1.788800
[2026-04-09 20:08:52] step= 15170  loss=1.898900
[2026-04-09 20:10:15] step= 15180  loss=1.914100
[2026-04-09 20:11:46] step= 15190  loss=1.483500
[2026-04-09 20:13:06] step= 15200  loss=1.998900
[2026-04-09 20:14:28] step= 15210  loss=1.882000
[2026-04-09 20:15:54] step= 15220  loss=1.660300
[2026-04-09 20:17:14] step= 15230  loss=2.042400
[2026-04-09 20:18:40] step= 15240  loss=1.732300
[2026-04-09 20:19:56] step= 15250  loss=1.796000
[2026-04-09 20:21:22] step= 15260  loss=1.716800
[2026-04-09 20:22:48] step= 15270  loss=1.738800
[2026-04-09 20:24:10] step= 15280  loss=1.848200
[2026-04-09 20:25:28] step= 15290  loss=1.898800
[2026-04-09 20:26:49] step= 15300  loss=1.838000
[2026-04-09 20:28:08] step= 15310  loss=2.119600
[2026-04-09 20:29:37] step= 15320  loss=1.640800
[2026-04-09 20:31:03] step= 15330  loss=1.811300
[2026-04-09 20:32:29] step= 15340  loss=1.823500
[2026-04-09 20:33:53] step= 15350  loss=1.796600
[2026-04-09 20:35:18] step= 15360  loss=1.576700
[2026-04-09 20:36:48] step= 15370  loss=1.536300
[2026-04-09 20:38:14] step= 15380  loss=1.733500
[2026-04-09 20:39:36] step= 15390  loss=1.897200
[2026-04-09 20:41:07] step= 15400  loss=1.508100
[2026-04-09 20:42:37] step= 15410  loss=1.604600
[2026-04-09 20:44:05] step= 15420  loss=1.618500
[2026-04-09 20:45:18] step= 15430  loss=1.918600
[2026-04-09 20:46:38] step= 15440  loss=1.886400
[2026-04-09 20:48:06] step= 15450  loss=1.788200
[2026-04-09 20:49:37] step= 15460  loss=1.644100
[2026-04-09 20:51:06] step= 15470  loss=1.747000
[2026-04-09 20:52:39] step= 15480  loss=1.520200
[2026-04-09 20:54:03] step= 15490  loss=1.815300
[2026-04-09 20:55:24] step= 15500  loss=1.794000
[2026-04-09 20:56:52] step= 15510  loss=1.531400
[2026-04-09 20:58:02] step= 15520  loss=2.062600
[2026-04-09 20:59:26] step= 15530  loss=1.913500
[2026-04-09 21:00:43] step= 15540  loss=2.001400
[2026-04-09 21:02:04] step= 15550  loss=1.864500
[2026-04-09 21:03:26] step= 15560  loss=1.859400
[2026-04-09 21:04:52] step= 15570  loss=1.621400
[2026-04-09 21:06:07] step= 15580  loss=2.104500
[2026-04-09 21:07:18] step= 15590  loss=1.833700
[2026-04-09 21:08:44] step= 15600  loss=1.619600
[2026-04-09 21:10:05] step= 15610  loss=1.865000
[2026-04-09 21:11:38] step= 15620  loss=1.674100
[2026-04-09 21:12:53] step= 15630  loss=2.038000
[2026-04-09 21:14:28] step= 15640  loss=1.604000
[2026-04-09 21:16:01] step= 15650  loss=1.712300
[2026-04-09 21:17:28] step= 15660  loss=1.837900
[2026-04-09 21:18:52] step= 15670  loss=1.754700
[2026-04-09 21:20:21] step= 15680  loss=1.680200
[2026-04-09 21:21:57] step= 15690  loss=1.380900
[2026-04-09 21:23:23] step= 15700  loss=1.679800
[2026-04-09 21:24:44] step= 15710  loss=1.935000
[2026-04-09 21:26:12] step= 15720  loss=1.790700
[2026-04-09 21:27:38] step= 15730  loss=1.622300
[2026-04-09 21:28:56] step= 15740  loss=1.703400
[2026-04-09 21:30:09] step= 15750  loss=1.887300
[2026-04-09 21:31:36] step= 15760  loss=1.660800
[2026-04-09 21:33:04] step= 15770  loss=1.530500
[2026-04-09 21:34:35] step= 15780  loss=1.523500
Training session ended:   2026-04-09 21:35:07.729737
